Log file open, 02/27/18 15:54:48
LogWindows: Failed to load 'aqProf.dll' (GetLastError=126)
LogWindows: File 'aqProf.dll' does not exist
LogWindows: Failed to load 'VtuneApi.dll' (GetLastError=126)
LogWindows: File 'VtuneApi.dll' does not exist
LogWindows: Failed to load 'VtuneApi32e.dll' (GetLastError=126)
LogWindows: File 'VtuneApi32e.dll' does not exist
LogInit: Display: Running engine for game: DissertationProject
LogPlatformFile: Not using cached read wrapper
LogInit: Display: RandInit(-183250045) SRandInit(-183250045).
LogTaskGraph: Started task graph with 5 named threads and 14 total threads with 3 sets of task threads.
LogStats: Stats thread started at 0.196502
LogD3D11RHI: Aftermath initialized
LogPluginManager: Mounting plugin Paper2D
LogPluginManager: Mounting plugin LightPropagationVolume
LogPluginManager: Mounting plugin CodeLiteSourceCodeAccess
LogPluginManager: Mounting plugin GitSourceControl
LogPluginManager: Mounting plugin KDevelopSourceCodeAccess
LogPluginManager: Mounting plugin NullSourceCodeAccess
LogPluginManager: Mounting plugin PerforceSourceControl
LogPluginManager: Mounting plugin SubversionSourceControl
LogPluginManager: Mounting plugin UObjectPlugin
LogPluginManager: Mounting plugin VisualStudioSourceCodeAccess
LogPluginManager: Mounting plugin XCodeSourceCodeAccess
LogPluginManager: Mounting plugin AssetManagerEditor
LogPluginManager: Mounting plugin AudioCapture
LogPluginManager: Mounting plugin FacialAnimation
LogPluginManager: Mounting plugin GameplayTagsEditor
LogPluginManager: Mounting plugin MobileLauncherProfileWizard
LogPluginManager: Mounting plugin PluginBrowser
LogPluginManager: Mounting plugin SpeedTreeImporter
LogPluginManager: Mounting plugin AlembicImporter
LogPluginManager: Mounting plugin CharacterAI
LogPluginManager: Mounting plugin HTML5Networking
LogPluginManager: Mounting plugin AndroidMedia
LogPluginManager: Mounting plugin AvfMedia
LogPluginManager: Mounting plugin MediaPlayerEditor
LogPluginManager: Mounting plugin WmfMedia
LogPluginManager: Mounting plugin TcpMessaging
LogPluginManager: Mounting plugin UdpMessaging
LogPluginManager: Mounting plugin LevelSequenceEditor
LogPluginManager: Mounting plugin MatineeToLevelSequence
LogPluginManager: Mounting plugin OnlineSubsystemGooglePlay
LogPluginManager: Mounting plugin OnlineSubsystemIOS
LogPluginManager: Mounting plugin OnlineSubsystem
LogPluginManager: Mounting plugin OnlineSubsystemNull
LogPluginManager: Mounting plugin OnlineSubsystemUtils
LogPluginManager: Mounting plugin AndroidDeviceProfileSelector
LogPluginManager: Mounting plugin AndroidMoviePlayer
LogPluginManager: Mounting plugin AndroidPermission
LogPluginManager: Mounting plugin AppleMoviePlayer
LogPluginManager: Mounting plugin ArchVisCharacter
LogPluginManager: Mounting plugin CableComponent
LogPluginManager: Mounting plugin CustomMeshComponent
LogPluginManager: Mounting plugin ExampleDeviceProfileSelector
LogPluginManager: Mounting plugin GoogleCloudMessaging
LogPluginManager: Mounting plugin ImmediatePhysics
LogPluginManager: Mounting plugin IOSDeviceProfileSelector
LogPluginManager: Mounting plugin LinuxDeviceProfileSelector
LogPluginManager: Mounting plugin LocationServicesBPLibrary
LogPluginManager: Mounting plugin MobilePatchingUtils
LogPluginManager: Mounting plugin OculusVR
LogPluginManager: Mounting plugin PhysXVehicles
LogPluginManager: Mounting plugin ProceduralMeshComponent
LogPluginManager: Mounting plugin RuntimePhysXCooking
LogPluginManager: Mounting plugin SteamVR
LogPluginManager: Mounting plugin WindowsMoviePlayer
LogInit: Using libcurl 7.47.1
LogInit:  - built for x86_64-pc-win32
LogInit:  - supports SSL with OpenSSL/1.0.2g
LogInit:  - supports HTTP deflate (compression) using libz 1.2.8
LogInit:  - other features:
LogInit:      CURL_VERSION_SSL
LogInit:      CURL_VERSION_LIBZ
LogInit:      CURL_VERSION_IPV6
LogInit:      CURL_VERSION_ASYNCHDNS
LogInit:      CURL_VERSION_LARGEFILE
LogInit:      CURL_VERSION_IDN
LogInit:  CurlRequestOptions (configurable via config and command line):
LogInit:  - bVerifyPeer = false  - Libcurl will NOT verify peer certificate
LogInit:  - bUseHttpProxy = false  - Libcurl will NOT use HTTP proxy
LogInit:  - bDontReuseConnections = false  - Libcurl will reuse connections
LogInit:  - CertBundlePath = nullptr  - Libcurl will use whatever was configured at build time.
LogInit: Build: ++UE4+Release-4.17-CL-3658906
LogInit: Engine Version: 4.17.2-3658906+++UE4+Release-4.17
LogInit: Compatible Engine Version: 4.17.0-3573198+++UE4+Release-4.17
LogInit: Net CL: 3573198
LogDevObjectVersion: Number of dev versions registered: 16
LogDevObjectVersion:   Dev-Blueprints (B0D832E4-1F89-4F0D-ACCF-7EB736FD4AA2): 10
LogDevObjectVersion:   Dev-Build (E1C64328-A22C-4D53-A36C-8E866417BD8C): 0
LogDevObjectVersion:   Dev-Core (375EC13C-06E4-48FB-B500-84F0262A717E): 2
LogDevObjectVersion:   Dev-Editor (E4B068ED-F494-42E9-A231-DA0B2E46BB41): 20
LogDevObjectVersion:   Dev-Framework (CFFC743F-43B0-4480-9391-14DF171D2073): 28
LogDevObjectVersion:   Dev-Mobile (B02B49B5-BB20-44E9-A304-32B752E40360): 0
LogDevObjectVersion:   Dev-Networking (A4E4105C-59A1-49B5-A7C5-40C4547EDFEE): 0
LogDevObjectVersion:   Dev-Online (39C831C9-5AE6-47DC-9A44-9C173E1C8E7C): 0
LogDevObjectVersion:   Dev-Physics (78F01B33-EBEA-4F98-B9B4-84EACCB95AA2): 0
LogDevObjectVersion:   Dev-Platform (6631380F-2D4D-43E0-8009-CF276956A95A): 0
LogDevObjectVersion:   Dev-Rendering (12F88B9F-8875-4AFC-A67C-D90C383ABD29): 19
LogDevObjectVersion:   Dev-Sequencer (7B5AE74C-D270-4C10-A958-57980B212A5A): 4
LogDevObjectVersion:   Dev-VR (D7296918-1DD6-4BDD-9DE2-64A83CC13884): 0
LogDevObjectVersion:   Dev-LoadTimes (C2A15278-BFE7-4AFE-6C17-90FF531DF755): 1
LogDevObjectVersion:   Private-Geometry (6EACA3D4-40EC-4CC1-B786-8BED09428FC5): 1
LogDevObjectVersion:   Dev-AnimPhys (29E575DD-E0A3-4627-9D10-D276232CDCEA): 7
LogInit: Compiled (64-bit): Sep 22 2017 13:47:16
LogInit: Compiled with Visual C++: 19.00.24215.01
LogInit: Build Configuration: Development
LogInit: Branch Name: ++UE4+Release-4.17
LogInit: Command line:  
LogInit: Base directory: C:/Program Files/Epic Games/UE_4.17/Engine/Binaries/Win64/
LogInit: Installed Engine Build: 1
LogInit: Presizing for max 8388607 objects, including 0 objects not considered by GC, pre-allocating 0 bytes for permanent pool.
LogInit: Object subsystem initialized
[2018.02.27-15.54.49:898][  0]LogInit: Selected Device Profile: [Windows]
[2018.02.27-15.54.49:898][  0]LogInit: Applying CVar settings loaded from the selected device profile: [Windows]
[2018.02.27-15.54.49:911][  0]LogInit: Computer: A10-280X
[2018.02.27-15.54.49:912][  0]LogInit: User: Zachari
[2018.02.27-15.54.49:912][  0]LogInit: CPU Page size=4096, Cores=4
[2018.02.27-15.54.49:912][  0]LogInit: High frequency timer resolution =3.897231 MHz
[2018.02.27-15.54.49:912][  0]LogMemory: Memory total: Physical=16.0GB (16GB approx)
[2018.02.27-15.54.49:912][  0]LogMemory: Platform Memory Stats for Windows
[2018.02.27-15.54.49:912][  0]LogMemory: Process Physical Memory: 280.27 MB used, 280.27 MB peak
[2018.02.27-15.54.49:912][  0]LogMemory: Process Virtual Memory: 282.53 MB used, 282.53 MB peak
[2018.02.27-15.54.49:912][  0]LogMemory: Physical Memory: 8862.50 MB used,  7472.34 MB free, 16334.84 MB total
[2018.02.27-15.54.49:912][  0]LogMemory: Virtual Memory: 710.58 MB used,  7472.34 MB free, 134217728.00 MB total
[2018.02.27-15.54.50:181][  0]LogInit: Using OS detected language (en-GB).
[2018.02.27-15.54.50:181][  0]LogInit: Using OS detected locale (en-GB).
[2018.02.27-15.54.50:194][  0]LogTextLocalizationManager: No specific localization for 'en-GB' exists, so the 'en' localization will be used.
[2018.02.27-15.54.51:598][  0]LogD3D11RHI: D3D11 adapters:
[2018.02.27-15.54.51:656][  0]LogD3D11RHI:    0. 'NVIDIA GeForce GTX 1060 6GB' (Feature Level 11_0)
[2018.02.27-15.54.51:656][  0]LogD3D11RHI:       6061/0/8167 MB DedicatedVideo/DedicatedSystem/SharedSystem, Outputs:2, VendorId:0x10de
[2018.02.27-15.54.51:663][  0]LogD3D11RHI:    1. 'Microsoft Basic Render Driver' (Feature Level 11_0)
[2018.02.27-15.54.51:663][  0]LogD3D11RHI:       0/0/8167 MB DedicatedVideo/DedicatedSystem/SharedSystem, Outputs:0, VendorId:0x1414
[2018.02.27-15.54.51:663][  0]LogD3D11RHI: Chosen D3D11 Adapter: 0
[2018.02.27-15.54.51:680][  0]LogD3D11RHI: Creating new Direct3DDevice
[2018.02.27-15.54.51:680][  0]LogD3D11RHI:     GPU DeviceId: 0x1c03 (for the marketing name, search the web for "GPU Device Id")
[2018.02.27-15.54.51:680][  0]LogWindows: EnumDisplayDevices:
[2018.02.27-15.54.51:680][  0]LogWindows:    0. 'NVIDIA GeForce GTX 1060 6GB' (P:1 D:1)
[2018.02.27-15.54.51:681][  0]LogWindows:    1. 'NVIDIA GeForce GTX 1060 6GB' (P:0 D:1)
[2018.02.27-15.54.51:681][  0]LogWindows:    2. 'NVIDIA GeForce GTX 1060 6GB' (P:0 D:0)
[2018.02.27-15.54.51:681][  0]LogWindows:    3. 'NVIDIA GeForce GTX 1060 6GB' (P:0 D:0)
[2018.02.27-15.54.51:681][  0]LogWindows: DebugString: GetVideoDriverDetailsInvalid PrimaryIsNotTheChoosenAdapter GetVideoDriverDetailsInvalid PrimaryIsNotTheChoosenAdapter GetVideoDriverDetailsInvalid PrimaryIsNotTheChoosenAdapter GetVideoDriverDetailsInvalid PrimaryIsNotTheChoosenAdapter FoundDriverCount:0 
[2018.02.27-15.54.51:681][  0]LogD3D11RHI:     Adapter Name: NVIDIA GeForce GTX 1060 6GB
[2018.02.27-15.54.51:681][  0]LogD3D11RHI:   Driver Version: Unknown (internal:Unknown, unified:Unknown)
[2018.02.27-15.54.51:681][  0]LogD3D11RHI:      Driver Date: Unknown
[2018.02.27-15.54.51:681][  0]LogRHI: Texture pool is 1361 MB (70% of 1945 MB)
[2018.02.27-15.54.51:723][  0]LogD3D11RHI: Async texture creation enabled
[2018.02.27-15.54.51:735][  0]LogD3D11RHI: GPU Timing Frequency: 1000.000000 (Debug: 2 1)
[2018.02.27-15.54.51:827][  0]LogShaderCompilers: Guid format shader working directory is -32 characters bigger than the processId version (../../../../../../Users/Zachari/Downloads/Dissertation Work/DissertationProject/Intermediate/Shaders/WorkingDirectory/14196/).
[2018.02.27-15.54.51:827][  0]LogShaderCompilers: Cleaned the shader compiler working directory 'C:/Users/Zachari/AppData/Local/Temp/UnrealShaderWorkingDir/3FC2A39B4757659B0721CAAB44461E72/'.
[2018.02.27-15.54.51:827][  0]LogShaderCompilers: Display: Using Local Shader Compiler.
[2018.02.27-15.54.53:883][  0]LogTemp: Display: Loaded TP AllDesktopTargetPlatform
[2018.02.27-15.54.53:976][  0]LogTemp: Display: Loaded TP MacClientTargetPlatform
[2018.02.27-15.54.54:064][  0]LogTemp: Display: Loaded TP MacNoEditorTargetPlatform
[2018.02.27-15.54.54:162][  0]LogTemp: Display: Loaded TP MacServerTargetPlatform
[2018.02.27-15.54.54:269][  0]LogTemp: Display: Loaded TP MacTargetPlatform
[2018.02.27-15.54.54:416][  0]LogTemp: Display: Loaded TP WindowsClientTargetPlatform
[2018.02.27-15.54.54:507][  0]LogTemp: Display: Loaded TP WindowsNoEditorTargetPlatform
[2018.02.27-15.54.54:605][  0]LogTemp: Display: Loaded TP WindowsServerTargetPlatform
[2018.02.27-15.54.54:710][  0]LogTemp: Display: Loaded TP WindowsTargetPlatform
[2018.02.27-15.54.54:826][  0]LogTemp: Display: Loaded TP AndroidTargetPlatform
[2018.02.27-15.54.54:973][  0]LogTemp: Display: Loaded TP Android_ASTCTargetPlatform
[2018.02.27-15.54.55:108][  0]LogTemp: Display: Loaded TP Android_ATCTargetPlatform
[2018.02.27-15.54.55:226][  0]LogTemp: Display: Loaded TP Android_DXTTargetPlatform
[2018.02.27-15.54.55:360][  0]LogTemp: Display: Loaded TP Android_ETC1TargetPlatform
[2018.02.27-15.54.55:470][  0]LogTemp: Display: Loaded TP Android_ETC2TargetPlatform
[2018.02.27-15.54.55:707][  0]LogTemp: Display: Loaded TP Android_MultiTargetPlatform
[2018.02.27-15.54.55:707][  0]LogTemp: Display: Loaded TP Android_PVRTCTargetPlatform
[2018.02.27-15.54.55:810][  0]LogTemp: Display: Loaded TP HTML5TargetPlatform
[2018.02.27-15.54.55:988][  0]LogTemp: Display: Loaded TP IOSTargetPlatform
[2018.02.27-15.54.56:039][  0]LogTemp: Display: Loaded TP TVOSTargetPlatform
[2018.02.27-15.54.56:145][  0]LogTemp: Display: Loaded TP LinuxClientTargetPlatform
[2018.02.27-15.54.56:255][  0]LogTemp: Display: Loaded TP LinuxNoEditorTargetPlatform
[2018.02.27-15.54.56:375][  0]LogTemp: Display: Loaded TP LinuxServerTargetPlatform
[2018.02.27-15.54.56:492][  0]LogTemp: Display: Loaded TP LinuxTargetPlatform
[2018.02.27-15.54.56:493][  0]LogTargetPlatformManager: Display: Building Assets For Windows
[2018.02.27-15.54.57:647][  0]LogDerivedDataCache: Display: Max Cache Size: 512 MB
[2018.02.27-15.54.57:862][  0]LogDerivedDataCache: Loaded boot cache 0.22s 93MB C:/Users/Zachari/AppData/Local/UnrealEngine/4.17/DerivedDataCache/Boot.ddc.
[2018.02.27-15.54.57:862][  0]LogDerivedDataCache: Display: Loaded Boot cache: C:/Users/Zachari/AppData/Local/UnrealEngine/4.17/DerivedDataCache/Boot.ddc
[2018.02.27-15.54.57:863][  0]LogDerivedDataCache: FDerivedDataBackendGraph:  Pak pak cache file ../../../../../../Users/Zachari/Downloads/Dissertation Work/DissertationProject/DerivedDataCache/DDC.ddp not found, will not use a pak cache.
[2018.02.27-15.54.57:863][  0]LogDerivedDataCache: Unable to find inner node Pak for hierarchical cache Hierarchy.
[2018.02.27-15.54.57:863][  0]LogDerivedDataCache: FDerivedDataBackendGraph:  CompressedPak pak cache file ../../../../../../Users/Zachari/Downloads/Dissertation Work/DissertationProject/DerivedDataCache/Compressed.ddp not found, will not use a pak cache.
[2018.02.27-15.54.57:863][  0]LogDerivedDataCache: Unable to find inner node CompressedPak for hierarchical cache Hierarchy.
[2018.02.27-15.54.57:881][  0]LogDerivedDataCache: Display: Pak cache opened for reading ../../../Engine/DerivedDataCache/Compressed.ddp.
[2018.02.27-15.54.57:894][  0]LogDerivedDataCache: Using Local data cache path C:/Users/Zachari/AppData/Local/UnrealEngine/Common/DerivedDataCache: Writable
[2018.02.27-15.54.57:908][  0]LogMaterial: Verifying Global Shaders for PCD3D_SM5
[2018.02.27-15.54.57:909][  0]LogSlate: Using Freetype 2.6.0
[2018.02.27-15.54.57:911][  0]LogSlate: SlateFontCache - WITH_FREETYPE: 1, WITH_HARFBUZZ: 1
[2018.02.27-15.54.57:911][  0]LogSlate: SlateFontCache - WITH_FREETYPE: 1, WITH_HARFBUZZ: 1
[2018.02.27-15.54.58:480][  0]LogAssetRegistry: FAssetRegistry took 0.0319 seconds to start up
[2018.02.27-15.54.58:709][  0]LogInit: Selected Device Profile: [Windows]
[2018.02.27-15.54.59:480][  0]LogSimplygon: Simplygon DLL not present - disabling.
[2018.02.27-15.54.59:579][  0]LogMeshReduction: Using SimplygonSwarm for distributed automatic mesh merging
[2018.02.27-15.54.59:579][  0]LogMeshReduction: Using QuadricMeshReduction for automatic static mesh reduction
[2018.02.27-15.54.59:579][  0]LogMeshReduction: No automatic skeletal mesh reduction module available
[2018.02.27-15.54.59:579][  0]LogMeshReduction: No automatic mesh merging module available
[2018.02.27-15.54.59:579][  0]LogMeshMerging: No automatic mesh merging module available
[2018.02.27-15.54.59:580][  0]LogContentStreaming: Texture pool size is 0.00 MB
[2018.02.27-15.55.00:412][  0]LogNetVersion: DissertationProject , NetCL: 3573198, EngineNetVer: 2, GameNetVer: 0 (Checksum: 3225952152)
[2018.02.27-15.55.00:885][  0]LogPackageLocalizationCache: Processed 5 localized package path(s) for 2 prioritized culture(s) in 0.079811 seconds
[2018.02.27-15.55.00:902][  0]LogUObjectArray: 35825 objects as part of root set at end of initial load.
[2018.02.27-15.55.00:902][  0]LogUObjectAllocator: 7529104 out of 0 bytes used by permanent object pool.
[2018.02.27-15.55.00:902][  0]LogUObjectArray: CloseDisregardForGC: 0/0 objects in disregard for GC pool
[2018.02.27-15.55.01:036][  0]LogInit: WinSock: version 1.1 (2.2), MaxSocks=32767, MaxUdp=65467
[2018.02.27-15.55.07:529][  0]LogTcpMessaging: Initializing TcpMessaging bridge
[2018.02.27-15.55.07:588][  0]LogUdpMessaging: Initializing bridge on interface 0.0.0.0:0 to multicast group 230.0.0.1:6666.
[2018.02.27-15.55.09:106][  0]LogMaterial: Uniform references updated for custom material expression Custom.
[2018.02.27-15.55.10:007][  0]SourceControl: Source control is disabled
[2018.02.27-15.55.10:007][  0]SourceControl: Source control is disabled
[2018.02.27-15.55.10:107][  0]SourceControl: Source control is disabled
[2018.02.27-15.55.10:199][  0]SourceControl: Source control is disabled
[2018.02.27-15.55.11:523][  0]LogAndroidPermission: UAndroidPermissionCallbackProxy::GetInstance
[2018.02.27-15.55.12:010][  0]LogOcInput: OculusInput pre-init called
[2018.02.27-15.55.12:475][  0]LogEngine: Initializing Engine...
[2018.02.27-15.55.12:478][  0]LogHMD: Failed to initialize OpenVR with code 100
[2018.02.27-15.55.12:828][  0]LogStats: UGameplayTagsManager::ConstructGameplayTagTree: Construct from data asset -  0.000 s
[2018.02.27-15.55.12:829][  0]LogStats: UGameplayTagsManager::ConstructGameplayTagTree: GameplayTagTreeChangedEvent.Broadcast -  0.000 s
[2018.02.27-15.55.13:100][  0]LogAIModule: Creating AISystem for world Untitled
[2018.02.27-15.55.13:114][  0]LogInit: XAudio2 using 'Speakers (Realtek High Definition Audio)' : 2 channels at 48 kHz using 32 bits per sample (channel mask 0x3)
[2018.02.27-15.55.13:138][  0]LogInit: FAudioDevice initialized.
[2018.02.27-15.55.13:353][  0]LogDerivedDataCache: Saved boot cache 0.21s 93MB C:/Users/Zachari/AppData/Local/UnrealEngine/4.17/DerivedDataCache/Boot.ddc.
[2018.02.27-15.55.13:384][  0]LogInit: Texture streaming: Enabled
[2018.02.27-15.55.13:579][  0]LogEngineSessionManager: EngineSessionManager initialized
[2018.02.27-15.55.13:995][  0]LogInit: Transaction tracking system initialized
[2018.02.27-15.55.14:610][  0]BlueprintLog: New page: Editor Load
[2018.02.27-15.55.16:344][  0]LocalizationService: Localization service is disabled
[2018.02.27-15.55.17:773][  0]LogConsoleResponse: Display: 
[2018.02.27-15.55.18:055][  0]LogCook: Display: Max memory allowance for cook 16384mb min free memory 0mb
[2018.02.27-15.55.18:055][  0]LogCook: Display: Mobile HDR setting 1
[2018.02.27-15.55.18:055][  0]LogGameplayTags: Display: UGameplayTagsManager::DoneAddingNativeTags. DelegateIsBound: 0
[2018.02.27-15.55.18:655][  0]LogFileCache: Scanning file cache for directory 'C:/Users/Zachari/Downloads/Dissertation Work/DissertationProject/Content/' took 0.02s
[2018.02.27-15.55.20:216][  0]SourceControl: Source control is disabled
[2018.02.27-15.55.20:217][  0]Cmd: MAP LOAD FILE="../../../../../../Users/Zachari/Downloads/Dissertation Work/DissertationProject/Content/ThirdPersonBP/Maps/ThirdPersonExampleMap.umap" TEMPLATE=0 SHOWPROGRESS=1 FEATURELEVEL=3
[2018.02.27-15.55.20:221][  0]LightingResults: New page: Lighting Build
[2018.02.27-15.55.20:321][  0]MapCheck: New page: Map Check
[2018.02.27-15.55.20:321][  0]LightingResults: New page: Lighting Build
[2018.02.27-15.55.20:745][  0]LogLinker: Warning: Can't find file '/Game/Obstacles/GameComplete'
[2018.02.27-15.55.20:745][  0]LogLinker: Warning: Can't find file for asset '/Game/Obstacles/GameComplete' while loading ../../../../../../Users/Zachari/Downloads/Dissertation Work/DissertationProject/Content/ThirdPersonBP/Maps/ThirdPersonExampleMap.umap.
[2018.02.27-15.55.20:745][  0]LoadErrors: Error: /Game/ThirdPersonBP/Maps/ThirdPersonExampleMap : Can't find file for asset. /Game/Obstacles/GameComplete
[2018.02.27-15.55.20:763][  0]LogLinker: Warning: Can't find file '/Game/Obstacles/GameComplete'
[2018.02.27-15.55.20:763][  0]LogLinker: Warning: Can't find file for asset '/Game/Obstacles/GameComplete' while loading ../../../../../../Users/Zachari/Downloads/Dissertation Work/DissertationProject/Content/ThirdPersonBP/Maps/ThirdPersonExampleMap.umap.
[2018.02.27-15.55.20:763][  0]LoadErrors: Error: /Game/ThirdPersonBP/Maps/ThirdPersonExampleMap : Can't find file for asset. /Game/Obstacles/GameComplete
[2018.02.27-15.55.20:811][  0]LogLinker: Warning: Can't find file '/Game/Obstacles/GameComplete'
[2018.02.27-15.55.20:811][  0]LogLinker: Warning: Can't find file for asset '/Game/Obstacles/GameComplete' while loading NULL.
[2018.02.27-15.55.20:811][  0]LogLinker: Warning: Can't find file '/Game/Obstacles/GameComplete'
[2018.02.27-15.55.20:811][  0]LogLinker: Warning: Can't find file for asset '/Game/Obstacles/GameComplete' while loading NULL.
[2018.02.27-15.55.20:811][  0]LogLinker: Warning: Can't find file '/Game/Obstacles/GameComplete'
[2018.02.27-15.55.20:811][  0]LogLinker: Warning: Can't find file for asset '/Game/Obstacles/GameComplete' while loading NULL.
[2018.02.27-15.55.20:815][  0]LogLinker: Warning: Can't find file '/Game/Obstacles/GameComplete'
[2018.02.27-15.55.20:815][  0]LoadErrors: Failed to load /Game/Obstacles/GameComplete.GameComplete_C Referenced by K2Node_CreateWidget_0
[2018.02.27-15.55.20:816][  0]LogLinker: Warning: Can't find file for asset '/Game/Obstacles/GameComplete' while loading NULL.
[2018.02.27-15.55.20:816][  0]LoadErrors: Failed to load /Game/Obstacles/GameComplete.GameComplete_C Referenced by K2Node_CreateWidget_0
[2018.02.27-15.55.20:816][  0]LogLinker: Warning: Can't find file '/Game/Obstacles/GameComplete'
[2018.02.27-15.55.20:816][  0]LoadErrors: Failed to load /Game/Obstacles/GameComplete.GameComplete_C Referenced by K2Node_CreateWidget_0
[2018.02.27-15.55.20:816][  0]LogLinker: Warning: Can't find file for asset '/Game/Obstacles/GameComplete' while loading NULL.
[2018.02.27-15.55.20:816][  0]LoadErrors: Failed to load /Game/Obstacles/GameComplete.GameComplete_C Referenced by K2Node_CreateWidget_0
[2018.02.27-15.55.20:823][  0]LogBlueprint: Error: [Compiler PersistentLevel.ThirdPersonExampleMap] Spawn node  Create Widget  must have a class specified.
[2018.02.27-15.55.20:825][  0]LogBlueprint: Warning: [Compiler PersistentLevel.ThirdPersonExampleMap] [0033.82] Compile of PersistentLevel.ThirdPersonExampleMap failed. 1 Fatal Issue(s) 0 Warning(s) [in 7 ms] (/Game/ThirdPersonBP/Maps/ThirdPersonExampleMap.ThirdPersonExampleMap:PersistentLevel.ThirdPersonExampleMap)
[2018.02.27-15.55.21:157][  0]LogAIModule: Creating AISystem for world ThirdPersonExampleMap
[2018.02.27-15.55.21:206][  0]LogEditorServer: Finished looking for orphan Actors (0.000 secs)
[2018.02.27-15.55.21:243][  0]Cmd: MAP CHECKDEP NOCLEARLOG
[2018.02.27-15.55.21:509][  0]MapCheck: Map check complete: 0 Error(s), 0 Warning(s), took 266.74ms to complete.
[2018.02.27-15.55.21:510][  0]LogFileHelpers: Loading map 'ThirdPersonExampleMap' took 1.293
[2018.02.27-15.55.21:711][  0]LogCollectionManager: Loaded 0 collections in 0.002086 seconds
[2018.02.27-15.55.21:849][  0]LogFileCache: Scanning file cache for directory 'C:/Users/Zachari/Downloads/Dissertation Work/DissertationProject/Saved/Collections/' took 0.01s
[2018.02.27-15.55.21:849][  0]LogFileCache: Scanning file cache for directory 'C:/Users/Zachari/Downloads/Dissertation Work/DissertationProject/Content/Developers/Zachari/Collections/' took 0.01s
[2018.02.27-15.55.21:849][  0]LogFileCache: Scanning file cache for directory 'C:/Users/Zachari/Downloads/Dissertation Work/DissertationProject/Content/Collections/' took 0.01s
[2018.02.27-15.55.21:849][  0]LogCollectionManager: Rebuilt the GUID cache for 0 collections in 0.000003 seconds
[2018.02.27-15.55.21:862][  0]LogContentBrowser: Native class hierarchy populated in 0.0122 seconds. Added 2386 classes and 500 folders.
[2018.02.27-15.55.21:980][  0]LogContentBrowser: Native class hierarchy updated for 'WidgetCarousel' in 0.0006 seconds. Added 0 classes and 0 folders.
[2018.02.27-15.55.22:103][  0]LogContentBrowser: Native class hierarchy updated for 'AddContentDialog' in 0.0028 seconds. Added 0 classes and 0 folders.
[2018.02.27-15.55.22:214][  0]LogContentBrowser: Native class hierarchy updated for 'SceneOutliner' in 0.0006 seconds. Added 1 classes and 2 folders.
[2018.02.27-15.55.22:319][  0]LogSlate: Took 0.002171 seconds to synchronously load lazily loaded font '../../../Engine/Content/Slate/Fonts/Roboto-Regular.ttf' (155K)
[2018.02.27-15.55.22:323][  0]LogSlate: Took 0.001021 seconds to synchronously load lazily loaded font '../../../Engine/Content/Slate/Fonts/Roboto-Bold.ttf' (160K)
[2018.02.27-15.55.22:332][  0]LogSlate: Took 0.001211 seconds to synchronously load lazily loaded font '../../../Engine/Content/Editor/Slate/Fonts/FontAwesome.ttf' (139K)
[2018.02.27-15.55.22:453][  0]LogRenderer: Reallocating scene render targets to support 1724x972 Format 10 NumSamples 1 (Frame:1).
[2018.02.27-15.55.22:774][  0]LogContentBrowser: Native class hierarchy updated for 'HierarchicalLODOutliner' in 0.0006 seconds. Added 1 classes and 2 folders.
[2018.02.27-15.55.22:774][  0]LogLoad: (Engine Initialization) Total time: 35.76 seconds
[2018.02.27-15.55.22:774][  0]LogLoad: (Engine Initialization) Total Blueprint compile time: 0.00 seconds
[2018.02.27-15.55.22:774][  0]LogExternalProfiler: Found external profiler: VSPerf
[2018.02.27-15.55.22:774][  0]LogExternalProfiler: Using external profiler: VSPerf
[2018.02.27-15.55.23:142][  0]LogContentStreaming: Texture pool size now 1000 MB
[2018.02.27-15.55.23:474][  1]LogAssetRegistry: Asset discovery search completed in 25.0175 seconds
[2018.02.27-15.55.23:476][  1]LogCollectionManager: Rebuilt the object cache for 0 collections in 0.000001 seconds (found 0 objects)
[2018.02.27-15.55.23:476][  1]LogCollectionManager: Fixed up redirectors for 0 collections in 0.000052 seconds (updated 0 objects)
[2018.02.27-15.55.35:378][847]MapCheck: New page: Map Check
[2018.02.27-15.55.35:420][847]Cmd: MAP REBUILD ALLVISIBLE
[2018.02.27-15.55.35:420][847]LogEditorServer: Rebuildmap Clear paths rebuilt
[2018.02.27-15.55.35:988][847]LogMaterial: Missing cached shader map for material FDebugViewModeMaterialProxy WorldGridMaterial, compiling. Is special engine material.
[2018.02.27-15.55.36:162][847]LogMaterial: Missing cached shader map for material FDebugViewModeMaterialProxy CubeMaterial, compiling. 
[2018.02.27-15.55.36:190][847]LogMaterial: Missing cached shader map for material FDebugViewModeMaterialProxy palette, compiling. 
[2018.02.27-15.55.36:240][847]LogMaterial: Missing cached shader map for material FDebugViewModeMaterialProxy BasicShapeMaterial, compiling. 
[2018.02.27-15.55.36:246][847]LogMaterial: Missing cached shader map for material FDebugViewModeMaterialProxy palette, compiling. 
[2018.02.27-15.55.36:254][847]LogMaterial: Missing cached shader map for material FDebugViewModeMaterialProxy palette, compiling. 
[2018.02.27-15.55.36:291][847]LogMaterial: Missing cached shader map for material FDebugViewModeMaterialProxy DefaultTextMaterialOpaque, compiling. 
[2018.02.27-15.55.36:474][847]LogMaterial: Missing cached shader map for material FDebugViewModeMaterialProxy MaterialInstanceDynamic_1, compiling. 
[2018.02.27-15.55.36:532][847]LogMaterial: Missing cached shader map for material FDebugViewModeMaterialProxy palette, compiling. 
[2018.02.27-15.55.36:571][847]LogMaterial: Missing cached shader map for material FDebugViewModeMaterialProxy M_UE4Man_Body, compiling. 
[2018.02.27-15.55.36:611][847]LogMaterial: Missing cached shader map for material FDebugViewModeMaterialProxy M_UE4Man_ChestLogo, compiling. 
[2018.02.27-15.55.36:724][847]LogMaterial: Missing cached shader map for material FDebugViewModeMaterialProxy MatineeCam_mat, compiling. 
[2018.02.27-15.55.39:975][847]TextureStreamingBuild: Display: Compiling optional shaders took 4.052 seconds.
[2018.02.27-15.55.40:042][847]LogLevel: Display: Export Material TexCoord Scales took 0.067 seconds.
[2018.02.27-15.55.40:082][847]TextureStreamingBuild: Display: Build Texture Streaming took 0.021 seconds.
[2018.02.27-15.55.40:155][847]LightingResults: New page: Lighting Build - 27 Feb 2018 15:55:40
[2018.02.27-15.55.40:389][847]LogSwarmInterface: [OpenConnection] Registering TCP channel ...
[2018.02.27-15.55.40:539][847]LogSwarmInterface: [OpenConnection] Connecting to agent ...
[2018.02.27-15.55.40:561][847]LogSwarmInterface: [TryOpenConnection] Testing the Agent
[2018.02.27-15.55.42:711][847]LogSwarmInterface: Error: [TryOpenConnection] Waiting for the agent to start up ...
[2018.02.27-15.55.42:746][847]LogSwarmInterface: Error: System.Net.Sockets.SocketException (0x80004005): No connection could be made because the target machine actively refused it 127.0.0.1:8008

Server stack trace: 
   at System.Net.Sockets.Socket.DoConnect(EndPoint endPointSnapshot, SocketAddress socketAddress)
   at System.Net.Sockets.Socket.Connect(EndPoint remoteEP)
   at System.Runtime.Remoting.Channels.RemoteConnection.CreateNewSocket(EndPoint ipEndPoint)
   at System.Runtime.Remoting.Channels.SocketCache.GetSocket(String machinePortAndSid, Boolean openNew)
   at System.Runtime.Remoting.Channels.Tcp.TcpClientTransportSink.SendRequestWithRetry(IMessage msg, ITransportHeaders requestHeaders, Stream requestStream)
   at System.Runtime.Remoting.Channels.Tcp.TcpClientTransportSink.AsyncProcessRequest(IClientChannelSinkStack sinkStack, IMessage msg, ITransportHeaders headers, Stream stream)
   at System.Runtime.Remoting.Channels.BinaryClientFormatterSink.AsyncProcessMessage(IMessage msg, IMessageSink replySink)

Exception rethrown at [0]: 
   at System.Runtime.Remoting.Proxies.RealProxy.HandleReturnMessage(IMessage reqMsg, IMessage retMsg)
   at System.Runtime.Remoting.Proxies.RealProxy.PrivateInvoke(MessageData& msgData, Int32 type)
   at NSwarm.IAgentInterfaceWrapper.MethodDelegate.EndInvoke(Hashtable& OutParameters, IAsyncResult result)
   at NSwarm.FSwarmInterface.TryOpenConnection(FConnectionCallback CallbackFunc, IntPtr CallbackData, ELogFlags LoggingFlags)
[2018.02.27-15.55.47:767][847]LogSwarmInterface: [TryOpenConnection] Opening Connection to Agent
[2018.02.27-15.55.47:767][847]LogSwarmInterface: [TryOpenConnection] Local Process ID is 14196
[2018.02.27-15.55.52:419][847]LightingResults: Warning: No importance volume found and the scene is so large that the automatically synthesized volume will not yield good results.  Please add a tightly bounding lightmass importance volume to optimize your scene's quality and lighting build times.
[2018.02.27-15.55.52:423][847]LogStaticLightingSystem: Running Lightmass w/ ImmediateImport mode ENABLED
[2018.02.27-15.55.52:423][847]LogStaticLightingSystem: Running Lightmass w/ ImmediateProcess mode ENABLED
[2018.02.27-15.55.52:423][847]LogStaticLightingSystem: Running Lightmass w/ Sorting mode ENABLED
[2018.02.27-15.55.52:423][847]LogStaticLightingSystem: Running Lightmass w/ Mapping paddings ENABLED
[2018.02.27-15.55.52:423][847]LogStaticLightingSystem: Running Lightmass w/ Mapping debug paddings DISABLED
[2018.02.27-15.55.52:871][847]Cmd: MAP CHECK DONTDISPLAYDIALOG
[2018.02.27-15.55.52:871][847]MapCheck: New page: ThirdPersonExampleMap - 27 Feb 2018 15:55:52
[2018.02.27-15.55.52:968][847]MapCheck: Warning: SpinnnigWhitebox_2991 Large actor receives a pre-shadow and will cause an extreme performance hit unless bCastDynamicShadow is set to false. 
[2018.02.27-15.55.52:968][847]MapCheck: Warning: SpinnnigWhitebox_289 Large actor receives a pre-shadow and will cause an extreme performance hit unless bCastDynamicShadow is set to false. 
[2018.02.27-15.55.52:968][847]MapCheck: Warning: SpinnnigWhitebox_3 Large actor receives a pre-shadow and will cause an extreme performance hit unless bCastDynamicShadow is set to false. 
[2018.02.27-15.55.53:106][847]MapCheck: Map check complete: 0 Error(s), 3 Warning(s), took 234.921ms to complete.
[2018.02.27-15.55.53:129][847]LogEditorBuildUtils: Build time 0:17
[2018.02.27-15.56.01:217][137]Job is a success!
[2018.02.27-15.56.01:737][138]LogSlate: Took 0.014724 seconds to synchronously load lazily loaded font '../../../Engine/Content/Slate/Fonts/Roboto-Light.ttf' (159K)
[2018.02.27-15.56.02:294][138]LogTexture: Display: Building textures: HQ_Lightmap1_1 (AutoDXT, 1024X1024)
[2018.02.27-15.56.02:295][138]LogTexture: Display: Building textures: SkyOcclusion1_1 (AutoDXT, 1024X512)
[2018.02.27-15.56.02:295][138]LogTexture: Display: Building textures: LQ_Lightmap_1_1 (DXT1, 1024X1024)
[2018.02.27-15.56.02:295][138]LogTexture: Display: Building textures: HQ_Lightmap1_2 (AutoDXT, 1024X1024)
[2018.02.27-15.56.02:295][138]LogTexture: Display: Building textures: SkyOcclusion1_2 (AutoDXT, 1024X512)
[2018.02.27-15.56.02:295][138]LogTexture: Display: Building textures: LQ_Lightmap_1_2 (DXT1, 1024X1024)
[2018.02.27-15.56.02:295][138]LogTexture: Display: Building textures: SkyOcclusion1_3 (AutoDXT, 64X32)
[2018.02.27-15.56.02:295][138]LogTexture: Display: Building textures: HQ_Lightmap1_3 (AutoDXT, 64X64)
[2018.02.27-15.56.02:295][138]LogTexture: Display: Building textures: LQ_Lightmap_1_3 (DXT1, 64X64)
[2018.02.27-15.56.02:506][138]LogTexture: Display: Building textures: ShadowMapTexture2D_3 (G8, 32X32)
[2018.02.27-15.56.02:506][138]LogTexture: Display: Building textures: ShadowMapTexture2D_2 (G8, 512X512)
[2018.02.27-15.56.02:572][138]Lightmass on A10-280X: 7.34 sec total, 283 ms importing, 31 ms setup, 1.47 sec photons, 5.45 sec processing, 0 ms extra exporting [77/77 mappings]. Threads: 37.9 sec total, 5.84 sec processing.
[2018.02.27-15.56.02:610][138]LogStaticLightingSystem: Illumination: 22.0 sec (350 ms encoding lightmaps, 211 ms encoding shadowmaps)
[2018.02.27-15.56.02:610][138]LogStaticLightingSystem: Lightmap texture memory:  5.3 MB (5.3 MB streaming, 0.0 MB non-streaming), 6 textures
[2018.02.27-15.56.02:610][138]LogStaticLightingSystem: Shadowmap texture memory: 0.3 MB (0.3 MB streaming, 0.0 MB non-streaming), 2 textures
[2018.02.27-15.56.03:420][138]DumpUnbuiltLightIteractions
[2018.02.27-15.56.03:420][138]Lights with unbuilt interactions: 0
[2018.02.27-15.56.03:420][138]
[2018.02.27-15.56.03:420][138]Primitives with unbuilt interactions: 0
[2018.02.27-15.56.03:508][139]Cmd: MAP CHECK NOTIFYRESULTS
[2018.02.27-15.56.03:508][139]MapCheck: New page: ThirdPersonExampleMap - 27 Feb 2018 15:56:03
[2018.02.27-15.56.03:525][139]MapCheck: Warning: SpinnnigWhitebox_2991 Large actor receives a pre-shadow and will cause an extreme performance hit unless bCastDynamicShadow is set to false. 
[2018.02.27-15.56.03:525][139]MapCheck: Warning: SpinnnigWhitebox_289 Large actor receives a pre-shadow and will cause an extreme performance hit unless bCastDynamicShadow is set to false. 
[2018.02.27-15.56.03:525][139]MapCheck: Warning: SpinnnigWhitebox_3 Large actor receives a pre-shadow and will cause an extreme performance hit unless bCastDynamicShadow is set to false. 
[2018.02.27-15.56.03:664][139]MapCheck: Map check complete: 0 Error(s), 3 Warning(s), took 156.363ms to complete.
[2018.02.27-15.56.07:464][381]LogEditorViewport: Clicking on Actor (LMB): BP_Sky_Sphere_C (BP_Sky_Sphere)
[2018.02.27-15.56.14:960][892]LogEditorViewport: Clicking on Actor (LMB): TriggerVolume (TriggerVolume)
[2018.02.27-15.56.20:305][256]LogEditorViewport: Clicking on Actor (LMB): StaticMeshActor (Whiteblock8)
[2018.02.27-15.56.26:057][612]LogBlueprint: Error: [Compiler PersistentLevel.ThirdPersonExampleMap] Spawn node  Create Widget  must have a class specified.
[2018.02.27-15.56.26:123][612]LogBlueprint: Warning: [Compiler PersistentLevel.ThirdPersonExampleMap] [0099.11] Compile of PersistentLevel.ThirdPersonExampleMap failed. 1 Fatal Issue(s) 0 Warning(s) [in 81 ms] (/Game/ThirdPersonBP/Maps/ThirdPersonExampleMap.ThirdPersonExampleMap:PersistentLevel.ThirdPersonExampleMap)
[2018.02.27-15.56.26:490][612]LogSavePackage: Save=527.64ms
[2018.02.27-15.56.26:490][612]LogSavePackage: Moving '../../../../../../Users/Zachari/Downloads/Dissertation Work/DissertationProject/Saved/ThirdPersonExampleMapF12526434F6BA02A909CBAAF0083446E.tmp' to '../../../../../../Users/Zachari/Downloads/Dissertation Work/DissertationProject/Content/ThirdPersonBP/Maps/ThirdPersonExampleMap.umap'
[2018.02.27-15.56.26:495][612]LogSavePackage: Display: Finished SavePackage ../../../../../../Users/Zachari/Downloads/Dissertation Work/DissertationProject/Content/ThirdPersonBP/Maps/ThirdPersonExampleMap.umap
[2018.02.27-15.56.26:660][612]LogSavePackage: Save=101.02ms
[2018.02.27-15.56.26:660][612]LogSavePackage: Moving '../../../../../../Users/Zachari/Downloads/Dissertation Work/DissertationProject/Saved/ThirdPersonExampleMap_BuiltData468C871745B36186F1C093AF1F8C0AAE.tmp' to '../../../../../../Users/Zachari/Downloads/Dissertation Work/DissertationProject/Content/ThirdPersonBP/Maps/ThirdPersonExampleMap_BuiltData.uasset'
[2018.02.27-15.56.26:660][612]LogFileManager: Warning: DeleteFile was unable to delete '../../../../../../Users/Zachari/Downloads/Dissertation Work/DissertationProject/Content/ThirdPersonBP/Maps/ThirdPersonExampleMap_BuiltData.uasset', retrying in .5s...
[2018.02.27-15.56.27:161][612]LogFileManager: Error: Error deleting file '../../../../../../Users/Zachari/Downloads/Dissertation Work/DissertationProject/Content/ThirdPersonBP/Maps/ThirdPersonExampleMap_BuiltData.uasset'.
[2018.02.27-15.56.27:161][612]LogSavePackage: Error: Error saving '../../../../../../Users/Zachari/Downloads/Dissertation Work/DissertationProject/Content/ThirdPersonBP/Maps/ThirdPersonExampleMap_BuiltData.uasset'
[2018.02.27-15.56.27:165][612]LogSavePackage: Display: Finished SavePackage ../../../../../../Users/Zachari/Downloads/Dissertation Work/DissertationProject/Content/ThirdPersonBP/Maps/ThirdPersonExampleMap_BuiltData.uasset
[2018.02.27-15.56.32:036][612]LogSlate: Took 0.000523 seconds to synchronously load lazily loaded font '../../../Engine/Content/Slate/Fonts/Roboto-Regular.ttf' (155K)
[2018.02.27-15.56.32:149][612]LogSavePackage: Save=96.68ms
[2018.02.27-15.56.32:149][612]LogSavePackage: Moving '../../../../../../Users/Zachari/Downloads/Dissertation Work/DissertationProject/Saved/ThirdPersonExampleMap_BuiltDataD01D1740456E989E4C859EB91308BED6.tmp' to '../../../../../../Users/Zachari/Downloads/Dissertation Work/DissertationProject/Content/ThirdPersonBP/Maps/ThirdPersonExampleMap_BuiltData.uasset'
[2018.02.27-15.56.32:150][612]LogFileManager: Warning: DeleteFile was unable to delete '../../../../../../Users/Zachari/Downloads/Dissertation Work/DissertationProject/Content/ThirdPersonBP/Maps/ThirdPersonExampleMap_BuiltData.uasset', retrying in .5s...
[2018.02.27-15.56.32:651][612]LogFileManager: Error: Error deleting file '../../../../../../Users/Zachari/Downloads/Dissertation Work/DissertationProject/Content/ThirdPersonBP/Maps/ThirdPersonExampleMap_BuiltData.uasset'.
[2018.02.27-15.56.32:651][612]LogSavePackage: Error: Error saving '../../../../../../Users/Zachari/Downloads/Dissertation Work/DissertationProject/Content/ThirdPersonBP/Maps/ThirdPersonExampleMap_BuiltData.uasset'
[2018.02.27-15.56.32:654][612]LogSavePackage: Display: Finished SavePackage ../../../../../../Users/Zachari/Downloads/Dissertation Work/DissertationProject/Content/ThirdPersonBP/Maps/ThirdPersonExampleMap_BuiltData.uasset
[2018.02.27-15.56.33:428][612]EditorErrors: New page: Save Output
[2018.02.27-15.56.33:428][612]EditorErrors: Warning: Error saving '../../../../../../Users/Zachari/Downloads/Dissertation Work/DissertationProject/Content/ThirdPersonBP/Maps/ThirdPersonExampleMap_BuiltData.uasset'
[2018.02.27-15.56.33:428][612]EditorErrors: Warning: Error saving '../../../../../../Users/Zachari/Downloads/Dissertation Work/DissertationProject/Content/ThirdPersonBP/Maps/ThirdPersonExampleMap_BuiltData.uasset'
[2018.02.27-15.56.39:907][986]MapCheck: New page: Map Check
[2018.02.27-15.56.39:934][986]Cmd: MAP REBUILD ALLVISIBLE
[2018.02.27-15.56.39:934][986]LogEditorServer: Rebuildmap Clear paths rebuilt
[2018.02.27-15.56.40:152][986]LogMaterial: Missing cached shader map for material FDebugViewModeMaterialProxy WorldGridMaterial, compiling. Is special engine material.
[2018.02.27-15.56.40:159][986]LogMaterial: Missing cached shader map for material FDebugViewModeMaterialProxy CubeMaterial, compiling. 
[2018.02.27-15.56.40:166][986]LogMaterial: Missing cached shader map for material FDebugViewModeMaterialProxy palette, compiling. 
[2018.02.27-15.56.40:171][986]LogMaterial: Missing cached shader map for material FDebugViewModeMaterialProxy BasicShapeMaterial, compiling. 
[2018.02.27-15.56.40:176][986]LogMaterial: Missing cached shader map for material FDebugViewModeMaterialProxy palette, compiling. 
[2018.02.27-15.56.40:182][986]LogMaterial: Missing cached shader map for material FDebugViewModeMaterialProxy palette, compiling. 
[2018.02.27-15.56.40:187][986]LogMaterial: Missing cached shader map for material FDebugViewModeMaterialProxy DefaultTextMaterialOpaque, compiling. 
[2018.02.27-15.56.40:193][986]LogMaterial: Missing cached shader map for material FDebugViewModeMaterialProxy MaterialInstanceDynamic_2, compiling. 
[2018.02.27-15.56.40:204][986]LogMaterial: Missing cached shader map for material FDebugViewModeMaterialProxy palette, compiling. 
[2018.02.27-15.56.40:213][986]LogMaterial: Missing cached shader map for material FDebugViewModeMaterialProxy M_UE4Man_Body, compiling. 
[2018.02.27-15.56.40:227][986]LogMaterial: Missing cached shader map for material FDebugViewModeMaterialProxy M_UE4Man_ChestLogo, compiling. 
[2018.02.27-15.56.40:238][986]LogMaterial: Missing cached shader map for material FDebugViewModeMaterialProxy MatineeCam_mat, compiling. 
[2018.02.27-15.56.41:595][986]TextureStreamingBuild: Display: Compiling optional shaders took 1.449 seconds.
[2018.02.27-15.56.41:608][986]LogLevel: Display: Export Material TexCoord Scales took 0.013 seconds.
[2018.02.27-15.56.41:627][986]TextureStreamingBuild: Display: Build Texture Streaming took 0.019 seconds.
[2018.02.27-15.56.41:641][986]LightingResults: New page: Lighting Build - 27 Feb 2018 15:56:41
[2018.02.27-15.56.41:653][986]LogSwarmInterface: [OpenConnection] Registering TCP channel ...
[2018.02.27-15.56.41:656][986]LogSwarmInterface: [OpenConnection] Connecting to agent ...
[2018.02.27-15.56.41:656][986]LogSwarmInterface: [TryOpenConnection] Testing the Agent
[2018.02.27-15.56.41:657][986]LogSwarmInterface: [TryOpenConnection] Opening Connection to Agent
[2018.02.27-15.56.41:657][986]LogSwarmInterface: [TryOpenConnection] Local Process ID is 14196
[2018.02.27-15.56.46:170][986]LightingResults: Warning: No importance volume found and the scene is so large that the automatically synthesized volume will not yield good results.  Please add a tightly bounding lightmass importance volume to optimize your scene's quality and lighting build times.
[2018.02.27-15.56.46:171][986]LogStaticLightingSystem: Running Lightmass w/ ImmediateImport mode ENABLED
[2018.02.27-15.56.46:171][986]LogStaticLightingSystem: Running Lightmass w/ ImmediateProcess mode ENABLED
[2018.02.27-15.56.46:171][986]LogStaticLightingSystem: Running Lightmass w/ Sorting mode ENABLED
[2018.02.27-15.56.46:171][986]LogStaticLightingSystem: Running Lightmass w/ Mapping paddings ENABLED
[2018.02.27-15.56.46:171][986]LogStaticLightingSystem: Running Lightmass w/ Mapping debug paddings DISABLED
[2018.02.27-15.56.46:264][986]Cmd: MAP CHECK DONTDISPLAYDIALOG
[2018.02.27-15.56.46:265][986]MapCheck: New page: ThirdPersonExampleMap - 27 Feb 2018 15:56:46
[2018.02.27-15.56.46:267][986]MapCheck: Error: WorldInfo_0 Maps need lighting rebuilt 
[2018.02.27-15.56.46:267][986]MapCheck: Warning: SpinnnigWhitebox_2991 Large actor receives a pre-shadow and will cause an extreme performance hit unless bCastDynamicShadow is set to false. 
[2018.02.27-15.56.46:267][986]MapCheck: Warning: SpinnnigWhitebox_289 Large actor receives a pre-shadow and will cause an extreme performance hit unless bCastDynamicShadow is set to false. 
[2018.02.27-15.56.46:267][986]MapCheck: Warning: SpinnnigWhitebox_3 Large actor receives a pre-shadow and will cause an extreme performance hit unless bCastDynamicShadow is set to false. 
[2018.02.27-15.56.46:428][986]MapCheck: Map check complete: 1 Error(s), 3 Warning(s), took 163.417ms to complete.
[2018.02.27-15.56.46:454][986]LogEditorBuildUtils: Build time 0:06
[2018.02.27-15.56.53:593][241]Job is a success!
[2018.02.27-15.56.54:150][242]LogTexture: Display: Building textures: HQ_Lightmap0_1 (AutoDXT, 1024X1024)
[2018.02.27-15.56.54:150][242]LogTexture: Display: Building textures: SkyOcclusion0_1 (AutoDXT, 1024X512)
[2018.02.27-15.56.54:150][242]LogTexture: Display: Building textures: LQ_Lightmap_0_1 (DXT1, 1024X1024)
[2018.02.27-15.56.54:150][242]LogTexture: Display: Building textures: SkyOcclusion0_2 (AutoDXT, 1024X512)
[2018.02.27-15.56.54:150][242]LogTexture: Display: Building textures: LQ_Lightmap_0_2 (DXT1, 1024X1024)
[2018.02.27-15.56.54:150][242]LogTexture: Display: Building textures: HQ_Lightmap0_2 (AutoDXT, 1024X1024)
[2018.02.27-15.56.54:150][242]LogTexture: Display: Building textures: SkyOcclusion0_3 (AutoDXT, 64X32)
[2018.02.27-15.56.54:150][242]LogTexture: Display: Building textures: HQ_Lightmap0_3 (AutoDXT, 64X64)
[2018.02.27-15.56.54:150][242]LogTexture: Display: Building textures: LQ_Lightmap_0_3 (DXT1, 64X64)
[2018.02.27-15.56.54:387][242]LogTexture: Display: Building textures: ShadowMapTexture2D_4 (G8, 512X512)
[2018.02.27-15.56.54:393][242]LogTexture: Display: Building textures: ShadowMapTexture2D_5 (G8, 32X32)
[2018.02.27-15.56.54:464][242]LogStaticLightingSystem: Illumination: 12.7 sec (377 ms encoding lightmaps, 229 ms encoding shadowmaps)
[2018.02.27-15.56.54:465][242]LogStaticLightingSystem: Lightmap texture memory:  5.3 MB (5.3 MB streaming, 0.0 MB non-streaming), 6 textures
[2018.02.27-15.56.54:465][242]LogStaticLightingSystem: Shadowmap texture memory: 0.3 MB (0.3 MB streaming, 0.0 MB non-streaming), 2 textures
[2018.02.27-15.56.55:181][242]Lightmass on A10-280X: 7.11 sec total, 161 ms importing, 12 ms setup, 1.67 sec photons, 5.14 sec processing, 0 ms extra exporting [77/77 mappings]. Threads: 35.7 sec total, 6.92 sec processing.
[2018.02.27-15.56.55:182][242]DumpUnbuiltLightIteractions
[2018.02.27-15.56.55:182][242]Lights with unbuilt interactions: 0
[2018.02.27-15.56.55:182][242]
[2018.02.27-15.56.55:182][242]Primitives with unbuilt interactions: 0
[2018.02.27-15.56.55:204][243]Cmd: MAP CHECK NOTIFYRESULTS
[2018.02.27-15.56.55:204][243]MapCheck: New page: ThirdPersonExampleMap - 27 Feb 2018 15:56:55
[2018.02.27-15.56.55:253][243]MapCheck: Warning: SpinnnigWhitebox_2991 Large actor receives a pre-shadow and will cause an extreme performance hit unless bCastDynamicShadow is set to false. 
[2018.02.27-15.56.55:253][243]MapCheck: Warning: SpinnnigWhitebox_289 Large actor receives a pre-shadow and will cause an extreme performance hit unless bCastDynamicShadow is set to false. 
[2018.02.27-15.56.55:254][243]MapCheck: Warning: SpinnnigWhitebox_3 Large actor receives a pre-shadow and will cause an extreme performance hit unless bCastDynamicShadow is set to false. 
[2018.02.27-15.56.55:391][243]MapCheck: Map check complete: 0 Error(s), 3 Warning(s), took 186.678ms to complete.
[2018.02.27-15.56.58:956][440]LogEditorViewport: Clicking on Actor (LMB): TriggerVolume (TriggerVolume)
[2018.02.27-15.57.07:700][  3]LogEditorViewport: Clicking on Actor (LMB): BP_Sky_Sphere_C (BP_Sky_Sphere)
[2018.02.27-15.57.13:201][255]LogEditorViewport: Clicking on Actor (LMB): BP_Sky_Sphere_C (BP_Sky_Sphere)
[2018.02.27-15.57.53:871][421]LogBlueprint: Error: [Compiler PersistentLevel.ThirdPersonExampleMap] Spawn node  Create Widget  must have a class specified.
[2018.02.27-15.57.53:873][421]LogBlueprint: Warning: [Compiler PersistentLevel.ThirdPersonExampleMap] [0186.86] Compile of PersistentLevel.ThirdPersonExampleMap failed. 1 Fatal Issue(s) 0 Warning(s) [in 9 ms] (/Game/ThirdPersonBP/Maps/ThirdPersonExampleMap.ThirdPersonExampleMap:PersistentLevel.ThirdPersonExampleMap)
[2018.02.27-15.57.54:168][421]LogSavePackage: Save=312.35ms
[2018.02.27-15.57.54:168][421]LogSavePackage: Moving '../../../../../../Users/Zachari/Downloads/Dissertation Work/DissertationProject/Saved/ThirdPersonExampleMapAA8D1AD04FD315E4FE2AEA827B154D1D.tmp' to '../../../../../../Users/Zachari/Downloads/Dissertation Work/DissertationProject/Content/ThirdPersonBP/Maps/ThirdPersonExampleMap.umap'
[2018.02.27-15.57.54:171][421]LogSavePackage: Display: Finished SavePackage ../../../../../../Users/Zachari/Downloads/Dissertation Work/DissertationProject/Content/ThirdPersonBP/Maps/ThirdPersonExampleMap.umap
[2018.02.27-15.57.54:293][421]LogSavePackage: Save=91.57ms
[2018.02.27-15.57.54:294][421]LogSavePackage: Moving '../../../../../../Users/Zachari/Downloads/Dissertation Work/DissertationProject/Saved/ThirdPersonExampleMap_BuiltData2B62D89F49B440C915E8C29B6DF41915.tmp' to '../../../../../../Users/Zachari/Downloads/Dissertation Work/DissertationProject/Content/ThirdPersonBP/Maps/ThirdPersonExampleMap_BuiltData.uasset'
[2018.02.27-15.57.54:298][421]LogSavePackage: Display: Finished SavePackage ../../../../../../Users/Zachari/Downloads/Dissertation Work/DissertationProject/Content/ThirdPersonBP/Maps/ThirdPersonExampleMap_BuiltData.uasset
[2018.02.27-19.45.50:485][344]LogEditorViewport: Clicking on Actor (LMB): BP_Sky_Sphere_C (BP_Sky_Sphere)
[2018.02.27-19.46.15:087][261]LogEditorViewport: Clicking on Actor (LMB): BP_Sky_Sphere_C (BP_Sky_Sphere)
[2018.02.27-19.46.21:587][940]LogEditorViewport: Clicking on Actor (LMB): BP_Sky_Sphere_C (BP_Sky_Sphere)
[2018.02.27-19.46.23:434][109]LogSlate: Took 0.014017 seconds to synchronously load lazily loaded font '../../../Engine/Content/Editor/Slate/Fonts/Roboto-Italic.ttf' (157K)
[2018.02.27-19.46.48:452][265]LogEditorViewport: Clicking on Actor (LMB): BP_Sky_Sphere_C (BP_Sky_Sphere)
[2018.02.27-19.46.55:289][362]LogEditorViewport: Clicking on Actor (context menu): BP_Sky_Sphere_C (BP_Sky_Sphere)
[2018.02.27-19.46.55:501][379]LogEditorViewport: Clicking on Component (context menu): StaticMeshComponent (Sky Sphere mesh)
[2018.02.27-19.46.56:186][443]LogEditorViewport: Clicking on Component (LMB): StaticMeshComponent (Sky Sphere mesh)
[2018.02.27-19.47.21:015][383]LogEditorViewport: Clicking on Component (context menu): StaticMeshComponent (Sky Sphere mesh)
[2018.02.27-19.47.21:354][412]LogEditorViewport: Clicking on Component (context menu): StaticMeshComponent (Sky Sphere mesh)
[2018.02.27-19.56.27:452][838]LogEditorViewport: Clicking on Component (context menu): StaticMeshComponent (Sky Sphere mesh)
[2018.02.27-19.56.38:540][984]LogBlueprint: Error: [Compiler PersistentLevel.ThirdPersonExampleMap] Spawn node  Create Widget  must have a class specified.
[2018.02.27-19.56.38:545][984]LogBlueprint: Warning: [Compiler PersistentLevel.ThirdPersonExampleMap] [4511.54] Compile of PersistentLevel.ThirdPersonExampleMap failed. 1 Fatal Issue(s) 0 Warning(s) [in 19 ms] (/Game/ThirdPersonBP/Maps/ThirdPersonExampleMap.ThirdPersonExampleMap:PersistentLevel.ThirdPersonExampleMap)
[2018.02.27-19.56.38:811][984]LogSavePackage: Save=302.52ms
[2018.02.27-19.56.38:812][984]LogSavePackage: Moving '../../../../../../Users/Zachari/Downloads/Dissertation Work/DissertationProject/Saved/ThirdPersonExampleMap15ECD5274176E43442C0B3A602883D45.tmp' to '../../../../../../Users/Zachari/Downloads/Dissertation Work/DissertationProject/Content/ThirdPersonBP/Maps/ThirdPersonExampleMap.umap'
[2018.02.27-19.56.38:814][984]LogSavePackage: Display: Finished SavePackage ../../../../../../Users/Zachari/Downloads/Dissertation Work/DissertationProject/Content/ThirdPersonBP/Maps/ThirdPersonExampleMap.umap
[2018.02.27-19.56.39:004][984]LogSavePackage: Save=89.00ms
[2018.02.27-19.56.39:004][984]LogSavePackage: Moving '../../../../../../Users/Zachari/Downloads/Dissertation Work/DissertationProject/Saved/ThirdPersonExampleMap_BuiltData6ACE7AE647549C3C8A911E9E8224148F.tmp' to '../../../../../../Users/Zachari/Downloads/Dissertation Work/DissertationProject/Content/ThirdPersonBP/Maps/ThirdPersonExampleMap_BuiltData.uasset'
[2018.02.27-19.56.39:006][984]LogSavePackage: Display: Finished SavePackage ../../../../../../Users/Zachari/Downloads/Dissertation Work/DissertationProject/Content/ThirdPersonBP/Maps/ThirdPersonExampleMap_BuiltData.uasset
[2018.02.27-20.36.33:709][430]LogEditorViewport: Clicking on Actor (LMB): BP_Sky_Sphere_C (BP_Sky_Sphere)
[2018.02.27-20.36.40:616][184]LogTemp: Repeating last play command: Selected Viewport
[2018.02.27-20.36.40:864][184]LogBlueprintUserMessages: Early PlayInEditor Detection: Level '/Game/ThirdPersonBP/Maps/ThirdPersonExampleMap.ThirdPersonExampleMap:PersistentLevel' has LevelScriptBlueprint '/Game/ThirdPersonBP/Maps/ThirdPersonExampleMap.ThirdPersonExampleMap:PersistentLevel.ThirdPersonExampleMap' with GeneratedClass '/Game/ThirdPersonBP/Maps/ThirdPersonExampleMap.ThirdPersonExampleMap_C' with ClassGeneratedBy '/Game/ThirdPersonBP/Maps/ThirdPersonExampleMap.ThirdPersonExampleMap:PersistentLevel.ThirdPersonExampleMap'
[2018.02.27-20.36.40:876][184]BlueprintLog: New page: Pre-Play auto-recompile
[2018.02.27-20.36.40:892][184]LogPlayLevel: [PlayLevel] Compiling ThirdPersonExampleMap before play...
[2018.02.27-20.36.40:901][184]LogBlueprint: Error: [Compiler PersistentLevel.ThirdPersonExampleMap] Spawn node  Create Widget  must have a class specified.
[2018.02.27-20.36.40:908][184]LogBlueprint: Warning: [Compiler PersistentLevel.ThirdPersonExampleMap] [6913.90] Compile of PersistentLevel.ThirdPersonExampleMap failed. 1 Fatal Issue(s) 0 Warning(s) [in 20 ms] (/Game/ThirdPersonBP/Maps/ThirdPersonExampleMap.ThirdPersonExampleMap:PersistentLevel.ThirdPersonExampleMap)
[2018.02.27-20.36.40:927][184]LogPlayLevel: PlayLevel: Blueprint regeneration took 52 ms (1 blueprints)
[2018.02.27-20.36.40:928][184]BlueprintLog: Blueprint ThirdPersonExampleMap failed to compile
[2018.02.27-20.36.43:312][184]PIE: New page: PIE session: ThirdPersonExampleMap (27 Feb 2018 20:36:43)
[2018.02.27-20.36.43:342][184]LogPlayLevel: Creating play world package: /Game/ThirdPersonBP/Maps/UEDPIE_0_ThirdPersonExampleMap
[2018.02.27-20.36.43:443][184]LogPlayLevel: PIE: StaticDuplicateObject took: (0.100014s)
[2018.02.27-20.36.43:446][184]LogAIModule: Creating AISystem for world ThirdPersonExampleMap
[2018.02.27-20.36.43:446][184]LogPlayLevel: PIE: World Init took: (0.003234s)
[2018.02.27-20.36.43:458][184]LogPlayLevel: PIE: Created PIE world by copying editor world from /Game/ThirdPersonBP/Maps/ThirdPersonExampleMap.ThirdPersonExampleMap to /Game/ThirdPersonBP/Maps/UEDPIE_0_ThirdPersonExampleMap.ThirdPersonExampleMap (0.119929s)
[2018.02.27-20.36.43:501][184]LogInit: XAudio2 using 'Speakers (Realtek High Definition Audio)' : 2 channels at 48 kHz using 32 bits per sample (channel mask 0x3)
[2018.02.27-20.36.43:512][184]LogInit: FAudioDevice initialized.
[2018.02.27-20.36.43:606][184]LogLoad: Game class is 'ThirdPersonGameMode_C'
[2018.02.27-20.36.43:891][184]LogWorld: Bringing World /Game/ThirdPersonBP/Maps/UEDPIE_0_ThirdPersonExampleMap.ThirdPersonExampleMap up for play (max tick rate 0) at 2018.02.27-20.36.43
[2018.02.27-20.36.44:082][184]LogWorld: Bringing up level for play took: 0.236810
[2018.02.27-20.36.44:515][184]LogContentBrowser: Native class hierarchy updated for 'MovieSceneCapture' in 0.0017 seconds. Added 11 classes and 0 folders.
[2018.02.27-20.36.44:622][184]PIE: Play in editor start time for /Game/ThirdPersonBP/Maps/UEDPIE_0_ThirdPersonExampleMap 3.572
[2018.02.27-20.36.44:622][184]LogBlueprintUserMessages: Late PlayInEditor Detection: Level '/Game/ThirdPersonBP/Maps/ThirdPersonExampleMap.ThirdPersonExampleMap:PersistentLevel' has LevelScriptBlueprint '/Game/ThirdPersonBP/Maps/ThirdPersonExampleMap.ThirdPersonExampleMap:PersistentLevel.ThirdPersonExampleMap' with GeneratedClass '/Game/ThirdPersonBP/Maps/ThirdPersonExampleMap.ThirdPersonExampleMap_C' with ClassGeneratedBy '/Game/ThirdPersonBP/Maps/ThirdPersonExampleMap.ThirdPersonExampleMap:PersistentLevel.ThirdPersonExampleMap'
[2018.02.27-20.45.12:874][913]LogBlueprint: Error: [Compiler PersistentLevel.ThirdPersonExampleMap] Spawn node  Create Widget  must have a class specified.
[2018.02.27-20.45.12:879][913]LogBlueprint: Warning: [Compiler PersistentLevel.ThirdPersonExampleMap] [7425.87] Compile of PersistentLevel.ThirdPersonExampleMap failed. 1 Fatal Issue(s) 0 Warning(s) [in 13 ms] (/Game/ThirdPersonBP/Maps/ThirdPersonExampleMap.ThirdPersonExampleMap:PersistentLevel.ThirdPersonExampleMap)
[2018.02.27-20.45.13:196][913]LogSavePackage: Save=337.95ms
[2018.02.27-20.45.13:196][913]LogSavePackage: Moving '../../../../../../Users/Zachari/Downloads/Dissertation Work/DissertationProject/Saved/ThirdPersonExampleMap5D1B2B114209977C0BF3A28B07B032EB.tmp' to '../../../../../../Users/Zachari/Downloads/Dissertation Work/DissertationProject/Content/ThirdPersonBP/Maps/ThirdPersonExampleMap.umap'
[2018.02.27-20.45.13:198][913]LogSavePackage: Display: Finished SavePackage ../../../../../../Users/Zachari/Downloads/Dissertation Work/DissertationProject/Content/ThirdPersonBP/Maps/ThirdPersonExampleMap.umap
[2018.02.27-20.45.13:329][913]LogSavePackage: Save=90.64ms
[2018.02.27-20.45.13:329][913]LogSavePackage: Moving '../../../../../../Users/Zachari/Downloads/Dissertation Work/DissertationProject/Saved/ThirdPersonExampleMap_BuiltDataA6C7D1244DB0EC3D821D8FBD6FE3F423.tmp' to '../../../../../../Users/Zachari/Downloads/Dissertation Work/DissertationProject/Content/ThirdPersonBP/Maps/ThirdPersonExampleMap_BuiltData.uasset'
[2018.02.27-20.45.13:330][913]LogSavePackage: Display: Finished SavePackage ../../../../../../Users/Zachari/Downloads/Dissertation Work/DissertationProject/Content/ThirdPersonBP/Maps/ThirdPersonExampleMap_BuiltData.uasset
[2018.02.27-20.45.17:099][357]LogBlueprintUserMessages: Early EndPlayMap Detection: Level '/Game/ThirdPersonBP/Maps/ThirdPersonExampleMap.ThirdPersonExampleMap:PersistentLevel' has LevelScriptBlueprint '/Game/ThirdPersonBP/Maps/ThirdPersonExampleMap.ThirdPersonExampleMap:PersistentLevel.ThirdPersonExampleMap' with GeneratedClass '/Game/ThirdPersonBP/Maps/ThirdPersonExampleMap.ThirdPersonExampleMap_C' with ClassGeneratedBy '/Game/ThirdPersonBP/Maps/ThirdPersonExampleMap.ThirdPersonExampleMap:PersistentLevel.ThirdPersonExampleMap'
[2018.02.27-20.45.17:140][357]LogBlueprintUserMessages: Late EndPlayMap Detection: Level '/Game/ThirdPersonBP/Maps/ThirdPersonExampleMap.ThirdPersonExampleMap:PersistentLevel' has LevelScriptBlueprint '/Game/ThirdPersonBP/Maps/ThirdPersonExampleMap.ThirdPersonExampleMap:PersistentLevel.ThirdPersonExampleMap' with GeneratedClass '/Game/ThirdPersonBP/Maps/ThirdPersonExampleMap.ThirdPersonExampleMap_C' with ClassGeneratedBy '/Game/ThirdPersonBP/Maps/ThirdPersonExampleMap.ThirdPersonExampleMap:PersistentLevel.ThirdPersonExampleMap'
[2018.02.27-20.45.19:671][630]LogBlueprint: Error: [Compiler PersistentLevel.ThirdPersonExampleMap] Spawn node  Create Widget  must have a class specified.
[2018.02.27-20.45.19:675][630]LogBlueprint: Warning: [Compiler PersistentLevel.ThirdPersonExampleMap] [7432.67] Compile of PersistentLevel.ThirdPersonExampleMap failed. 1 Fatal Issue(s) 0 Warning(s) [in 12 ms] (/Game/ThirdPersonBP/Maps/ThirdPersonExampleMap.ThirdPersonExampleMap:PersistentLevel.ThirdPersonExampleMap)
[2018.02.27-20.45.19:921][630]LogSavePackage: Save=264.61ms
[2018.02.27-20.45.19:921][630]LogSavePackage: Moving '../../../../../../Users/Zachari/Downloads/Dissertation Work/DissertationProject/Saved/ThirdPersonExampleMap921A5379489A8C8C956A888BF9B4C840.tmp' to '../../../../../../Users/Zachari/Downloads/Dissertation Work/DissertationProject/Content/ThirdPersonBP/Maps/ThirdPersonExampleMap.umap'
[2018.02.27-20.45.19:923][630]LogSavePackage: Display: Finished SavePackage ../../../../../../Users/Zachari/Downloads/Dissertation Work/DissertationProject/Content/ThirdPersonBP/Maps/ThirdPersonExampleMap.umap
[2018.02.27-20.45.20:029][630]LogSavePackage: Save=77.73ms
[2018.02.27-20.45.20:029][630]LogSavePackage: Moving '../../../../../../Users/Zachari/Downloads/Dissertation Work/DissertationProject/Saved/ThirdPersonExampleMap_BuiltData1A4ACA50451A6D04013E66B16C329555.tmp' to '../../../../../../Users/Zachari/Downloads/Dissertation Work/DissertationProject/Content/ThirdPersonBP/Maps/ThirdPersonExampleMap_BuiltData.uasset'
[2018.02.27-20.45.20:031][630]LogSavePackage: Display: Finished SavePackage ../../../../../../Users/Zachari/Downloads/Dissertation Work/DissertationProject/Content/ThirdPersonBP/Maps/ThirdPersonExampleMap_BuiltData.uasset
[2018.02.27-20.45.21:563][763]Cmd: QUIT_EDITOR
[2018.02.27-20.45.22:253][763]LogWindowsTextInputMethodSystem: Display: IME system now deactivated.
[2018.02.27-20.45.22:254][763]LogWindowsTextInputMethodSystem: Display: IME system now deactivated.
[2018.02.27-20.45.22:292][763]LogExit: Preparing to exit.
[2018.02.27-20.45.22:594][763]LogDirectoryWatcher: A directory notification for 'C:/Users/Zachari/Downloads/Dissertation Work/DissertationProject/Content/' was aborted.
[2018.02.27-20.45.22:676][763]LogExit: Editor shut down
[2018.02.27-20.45.22:702][763]LogExit: Transaction tracking system shut down
[2018.02.27-20.45.22:765][763]LogDirectoryWatcher: A directory notification for '../../../Engine/Content/' was aborted.
[2018.02.27-20.45.22:765][763]LogDirectoryWatcher: A directory notification for '../../../../../../Users/Zachari/Downloads/Dissertation Work/DissertationProject/Content/' was aborted.
[2018.02.27-20.45.22:765][763]LogDirectoryWatcher: A directory notification for '../../../Engine/Plugins/2D/Paper2D/Content/' was aborted.
[2018.02.27-20.45.22:765][763]LogDirectoryWatcher: A directory notification for '../../../Engine/Plugins/Runtime/Oculus/OculusVR/Content/' was aborted.
[2018.02.27-20.45.22:765][763]LogDirectoryWatcher: A directory notification for '../../../Engine/Plugins/Runtime/Steam/SteamVR/Content/' was aborted.
[2018.02.27-20.45.22:857][763]LogExit: Object subsystem successfully closed.
[2018.02.27-20.45.22:877][763]LogD3D11RHI: Shutdown
[2018.02.27-20.45.22:877][763]LogD3D11RHI: CleanupD3DDevice
[2018.02.27-20.45.22:898][763]LogD3D11RHI: ~FD3D11DynamicRHI
[2018.02.27-20.45.22:926][763]LogModuleManager: Shutting down and abandoning module MovieSceneCapture (534)
[2018.02.27-20.45.22:926][763]LogModuleManager: Shutting down and abandoning module HierarchicalLODUtilities (532)
[2018.02.27-20.45.22:926][763]LogModuleManager: Shutting down and abandoning module HierarchicalLODOutliner (530)
[2018.02.27-20.45.22:926][763]LogModuleManager: Shutting down and abandoning module SceneOutliner (528)
[2018.02.27-20.45.22:926][763]LogModuleManager: Shutting down and abandoning module AddContentDialog (526)
[2018.02.27-20.45.22:926][763]LogDirectoryWatcher: A directory notification for 'C:/Program Files/Epic Games/UE_4.17/FeaturePacks/' was aborted.
[2018.02.27-20.45.22:931][763]LogModuleManager: Shutting down and abandoning module WidgetCarousel (525)
[2018.02.27-20.45.22:931][763]LogModuleManager: Shutting down and abandoning module EditorWidgets (522)
[2018.02.27-20.45.22:931][763]LogModuleManager: Shutting down and abandoning module CollectionManager (520)
[2018.02.27-20.45.22:931][763]LogDirectoryWatcher: A directory notification for 'C:/Users/Zachari/Downloads/Dissertation Work/DissertationProject/Content/Collections/' was aborted.
[2018.02.27-20.45.22:932][763]LogDirectoryWatcher: A directory notification for 'C:/Users/Zachari/Downloads/Dissertation Work/DissertationProject/Content/Developers/Zachari/Collections/' was aborted.
[2018.02.27-20.45.22:932][763]LogDirectoryWatcher: A directory notification for 'C:/Users/Zachari/Downloads/Dissertation Work/DissertationProject/Saved/Collections/' was aborted.
[2018.02.27-20.45.22:932][763]LogModuleManager: Shutting down and abandoning module StatsViewer (518)
[2018.02.27-20.45.22:932][763]LogModuleManager: Shutting down and abandoning module FoliageEdit (516)
[2018.02.27-20.45.22:932][763]LogModuleManager: Shutting down and abandoning module LandscapeEditor (514)
[2018.02.27-20.45.22:932][763]LogModuleManager: Shutting down and abandoning module MeshPaintMode (512)
[2018.02.27-20.45.22:932][763]LogModuleManager: Shutting down and abandoning module SceneDepthPickerMode (510)
[2018.02.27-20.45.22:932][763]LogModuleManager: Shutting down and abandoning module ActorPickerMode (508)
[2018.02.27-20.45.22:932][763]LogModuleManager: Shutting down and abandoning module GeometryMode (506)
[2018.02.27-20.45.22:932][763]LogModuleManager: Shutting down and abandoning module TextureAlignMode (504)
[2018.02.27-20.45.22:932][763]LogModuleManager: Shutting down and abandoning module BspMode (502)
[2018.02.27-20.45.22:932][763]LogModuleManager: Shutting down and abandoning module PIEPreviewDeviceProfileSelector (500)
[2018.02.27-20.45.22:932][763]LogModuleManager: Shutting down and abandoning module HardwareSurvey (498)
[2018.02.27-20.45.22:932][763]LogModuleManager: Shutting down and abandoning module SequenceRecorderSections (496)
[2018.02.27-20.45.22:932][763]LogModuleManager: Shutting down and abandoning module AutomationWorker (494)
[2018.02.27-20.45.22:932][763]LogModuleManager: Shutting down and abandoning module MatineeToLevelSequence (492)
[2018.02.27-20.45.22:932][763]LogModuleManager: Shutting down and abandoning module LevelSequenceEditor (490)
[2018.02.27-20.45.22:932][763]LogModuleManager: Shutting down and abandoning module PlacementMode (489)
[2018.02.27-20.45.22:932][763]LogModuleManager: Shutting down and abandoning module WmfMediaFactory (486)
[2018.02.27-20.45.22:932][763]LogModuleManager: Shutting down and abandoning module WmfMediaEditor (484)
[2018.02.27-20.45.22:932][763]LogModuleManager: Shutting down and abandoning module AvfMediaFactory (482)
[2018.02.27-20.45.22:932][763]LogModuleManager: Shutting down and abandoning module AvfMediaEditor (480)
[2018.02.27-20.45.22:932][763]LogModuleManager: Shutting down and abandoning module AndroidMediaFactory (478)
[2018.02.27-20.45.22:932][763]LogModuleManager: Shutting down and abandoning module Media (477)
[2018.02.27-20.45.22:932][763]LogModuleManager: Shutting down and abandoning module AndroidMediaEditor (474)
[2018.02.27-20.45.22:932][763]LogModuleManager: Shutting down and abandoning module CharacterAI (472)
[2018.02.27-20.45.22:932][763]LogModuleManager: Shutting down and abandoning module AudioCapture (470)
[2018.02.27-20.45.22:932][763]LogModuleManager: Shutting down and abandoning module SequenceRecorder (469)
[2018.02.27-20.45.22:932][763]LogModuleManager: Shutting down and abandoning module SmartSnapping (466)
[2018.02.27-20.45.22:932][763]LogModuleManager: Shutting down and abandoning module SessionServices (464)
[2018.02.27-20.45.22:932][763]LogModuleManager: Shutting down and abandoning module ViewportSnapping (462)
[2018.02.27-20.45.22:932][763]LogModuleManager: Shutting down and abandoning module ViewportInteraction (460)
[2018.02.27-20.45.22:932][763]LogModuleManager: Shutting down and abandoning module ClothPainter (458)
[2018.02.27-20.45.22:933][763]LogModuleManager: Shutting down and abandoning module LogVisualizer (456)
[2018.02.27-20.45.22:933][763]LogModuleManager: Shutting down and abandoning module IntroTutorials (454)
[2018.02.27-20.45.22:933][763]LogModuleManager: Shutting down and abandoning module GameProjectGeneration (453)
[2018.02.27-20.45.22:933][763]LogModuleManager: Shutting down and abandoning module IOSPlatformEditor (450)
[2018.02.27-20.45.22:933][763]LogModuleManager: Shutting down and abandoning module HTML5PlatformEditor (448)
[2018.02.27-20.45.22:933][763]LogModuleManager: Shutting down and abandoning module AndroidPlatformEditor (446)
[2018.02.27-20.45.22:933][763]LogModuleManager: Shutting down and abandoning module AndroidDeviceDetection (445)
[2018.02.27-20.45.23:310][763]LogModuleManager: Shutting down and abandoning module WindowsPlatformEditor (442)
[2018.02.27-20.45.23:310][763]LogModuleManager: Shutting down and abandoning module IOSRuntimeSettings (440)
[2018.02.27-20.45.23:310][763]LogModuleManager: Shutting down and abandoning module AndroidRuntimeSettings (438)
[2018.02.27-20.45.23:310][763]LogModuleManager: Shutting down and abandoning module InputBindingEditor (436)
[2018.02.27-20.45.23:310][763]LogModuleManager: Shutting down and abandoning module MergeActors (434)
[2018.02.27-20.45.23:310][763]LogModuleManager: Shutting down and abandoning module SizeMap (432)
[2018.02.27-20.45.23:310][763]LogModuleManager: Shutting down and abandoning module TreeMap (430)
[2018.02.27-20.45.23:310][763]LogModuleManager: Shutting down and abandoning module ReferenceViewer (428)
[2018.02.27-20.45.23:310][763]LogModuleManager: Shutting down and abandoning module LocalizationDashboard (426)
[2018.02.27-20.45.23:310][763]LogModuleManager: Shutting down and abandoning module LocalizationService (425)
[2018.02.27-20.45.23:310][763]LogModuleManager: Shutting down and abandoning module HardwareTargeting (422)
[2018.02.27-20.45.23:310][763]LogModuleManager: Shutting down and abandoning module DeviceProfileEditor (420)
[2018.02.27-20.45.23:310][763]LogModuleManager: Shutting down and abandoning module UndoHistory (418)
[2018.02.27-20.45.23:310][763]LogModuleManager: Shutting down and abandoning module XmlParser (416)
[2018.02.27-20.45.23:310][763]LogModuleManager: Shutting down and abandoning module Blutility (414)
[2018.02.27-20.45.23:310][763]LogModuleManager: Shutting down and abandoning module ProjectSettingsViewer (412)
[2018.02.27-20.45.23:310][763]LogModuleManager: Shutting down and abandoning module ProjectTargetPlatformEditor (411)
[2018.02.27-20.45.23:310][763]LogModuleManager: Shutting down and abandoning module EditorSettingsViewer (408)
[2018.02.27-20.45.23:311][763]LogModuleManager: Shutting down and abandoning module SettingsEditor (406)
[2018.02.27-20.45.23:311][763]LogModuleManager: Shutting down and abandoning module ProjectLauncher (404)
[2018.02.27-20.45.23:311][763]LogModuleManager: Shutting down and abandoning module SessionFrontend (402)
[2018.02.27-20.45.23:311][763]LogModuleManager: Shutting down and abandoning module ProfilerClient (400)
[2018.02.27-20.45.23:311][763]LogModuleManager: Shutting down and abandoning module DeviceManager (398)
[2018.02.27-20.45.23:311][763]LogModuleManager: Shutting down and abandoning module TargetDeviceServices (397)
[2018.02.27-20.45.23:374][763]LogModuleManager: Shutting down and abandoning module AutomationController (394)
[2018.02.27-20.45.23:374][763]LogModuleManager: Shutting down and abandoning module AutomationWindow (392)
[2018.02.27-20.45.23:374][763]LogModuleManager: Shutting down and abandoning module Layers (390)
[2018.02.27-20.45.23:374][763]LogModuleManager: Shutting down and abandoning module ComponentVisualizers (388)
[2018.02.27-20.45.23:374][763]LogModuleManager: Shutting down and abandoning module DetailCustomizations (386)
[2018.02.27-20.45.23:374][763]LogModuleManager: Shutting down and abandoning module PackagesDialog (384)
[2018.02.27-20.45.23:374][763]LogModuleManager: Shutting down and abandoning module Persona (382)
[2018.02.27-20.45.23:374][763]LogModuleManager: Shutting down and abandoning module AdvancedPreviewScene (381)
[2018.02.27-20.45.23:374][763]LogModuleManager: Shutting down and abandoning module AnimGraph (379)
[2018.02.27-20.45.23:374][763]LogModuleManager: Shutting down and abandoning module Kismet (376)
[2018.02.27-20.45.23:375][763]LogModuleManager: Shutting down and abandoning module ClassViewer (374)
[2018.02.27-20.45.23:375][763]LogModuleManager: Shutting down and abandoning module Toolbox (372)
[2018.02.27-20.45.23:375][763]LogModuleManager: Shutting down and abandoning module ModuleUI (370)
[2018.02.27-20.45.23:375][763]LogModuleManager: Shutting down and abandoning module MovieSceneTools (368)
[2018.02.27-20.45.23:375][763]LogModuleManager: Shutting down and abandoning module OutputLog (366)
[2018.02.27-20.45.23:375][763]LogModuleManager: Shutting down and abandoning module GammaUI (364)
[2018.02.27-20.45.23:375][763]LogModuleManager: Shutting down and abandoning module Documentation (362)
[2018.02.27-20.45.23:375][763]LogModuleManager: Shutting down and abandoning module MovieSceneTracks (360)
[2018.02.27-20.45.23:375][763]LogModuleManager: Shutting down and abandoning module MovieScene (358)
[2018.02.27-20.45.23:375][763]LogModuleManager: Shutting down and abandoning module Niagara (356)
[2018.02.27-20.45.23:375][763]LogModuleManager: Shutting down and abandoning module NiagaraEditor (355)
[2018.02.27-20.45.23:375][763]LogModuleManager: Shutting down and abandoning module StreamingPauseRendering (352)
[2018.02.27-20.45.23:375][763]LogModuleManager: Shutting down and abandoning module LauncherPlatform (350)
[2018.02.27-20.45.23:375][763]LogModuleManager: Shutting down and abandoning module AnalyticsET (348)
[2018.02.27-20.45.23:375][763]LogModuleManager: Shutting down and abandoning module PortalServices (346)
[2018.02.27-20.45.23:375][763]LogModuleManager: Shutting down and abandoning module PortalRpc (344)
[2018.02.27-20.45.23:375][763]LogModuleManager: Shutting down and abandoning module MessagingRpc (342)
[2018.02.27-20.45.23:375][763]LogModuleManager: Shutting down and abandoning module AIModule (340)
[2018.02.27-20.45.23:375][763]LogModuleManager: Shutting down and abandoning module GameplayDebugger (339)
[2018.02.27-20.45.23:375][763]LogModuleManager: Shutting down and abandoning module AITestSuite (337)
[2018.02.27-20.45.23:375][763]LogModuleManager: Shutting down and abandoning module ProfilerService (334)
[2018.02.27-20.45.23:502][763]LogModuleManager: Shutting down and abandoning module TaskGraph (332)
[2018.02.27-20.45.23:502][763]LogModuleManager: Shutting down and abandoning module SteamVRController (330)
[2018.02.27-20.45.23:502][763]LogModuleManager: Shutting down and abandoning module ProceduralMeshComponentEditor (328)
[2018.02.27-20.45.23:502][763]LogModuleManager: Shutting down and abandoning module ProceduralMeshComponent (326)
[2018.02.27-20.45.23:502][763]LogModuleManager: Shutting down and abandoning module OculusInput (324)
[2018.02.27-20.45.23:502][763]LogModuleManager: Shutting down and abandoning module MobilePatchingUtils (322)
[2018.02.27-20.45.23:502][763]LogModuleManager: Shutting down and abandoning module CustomMeshComponent (320)
[2018.02.27-20.45.23:502][763]LogModuleManager: Shutting down and abandoning module CableComponent (318)
[2018.02.27-20.45.23:502][763]LogModuleManager: Shutting down and abandoning module ArchVisCharacter (316)
[2018.02.27-20.45.23:502][763]LogModuleManager: Shutting down and abandoning module AndroidPermission (314)
[2018.02.27-20.45.23:502][763]LogModuleManager: Shutting down and abandoning module MediaPlayerEditor (310)
[2018.02.27-20.45.23:502][763]LogModuleManager: Shutting down and abandoning module HTML5Networking (308)
[2018.02.27-20.45.23:502][763]LogModuleManager: Shutting down and abandoning module AlembicImporter (306)
[2018.02.27-20.45.23:502][763]LogModuleManager: Shutting down and abandoning module AlembicLibrary (305)
[2018.02.27-20.45.23:502][763]LogModuleManager: Shutting down and abandoning module GeometryCache (304)
[2018.02.27-20.45.23:502][763]LogModuleManager: Shutting down and abandoning module GeometryCacheEd (303)
[2018.02.27-20.45.23:502][763]LogModuleManager: Shutting down and abandoning module SpeedTreeImporter (298)
[2018.02.27-20.45.23:502][763]LogModuleManager: Shutting down and abandoning module PluginBrowser (296)
[2018.02.27-20.45.23:502][763]LogModuleManager: Shutting down and abandoning module MobileLauncherProfileWizard (294)
[2018.02.27-20.45.23:502][763]LogModuleManager: Shutting down and abandoning module VisualStudioSourceCodeAccess (292)
[2018.02.27-20.45.23:502][763]LogModuleManager: Shutting down and abandoning module DesktopPlatform (291)
[2018.02.27-20.45.23:502][763]LogModuleManager: Shutting down and abandoning module UObjectPlugin (288)
[2018.02.27-20.45.23:502][763]LogModuleManager: Shutting down and abandoning module SubversionSourceControl (286)
[2018.02.27-20.45.23:502][763]LogModuleManager: Shutting down and abandoning module PerforceSourceControl (284)
[2018.02.27-20.45.23:502][763]LogModuleManager: Shutting down and abandoning module GitSourceControl (282)
[2018.02.27-20.45.23:502][763]LogModuleManager: Shutting down and abandoning module SourceControl (281)
[2018.02.27-20.45.23:503][763]LogModuleManager: Shutting down and abandoning module LightPropagationVolumeEditor (278)
[2018.02.27-20.45.23:503][763]LogModuleManager: Shutting down and abandoning module PaperTiledImporter (276)
[2018.02.27-20.45.23:503][763]LogModuleManager: Shutting down and abandoning module PaperSpriteSheetImporter (274)
[2018.02.27-20.45.23:503][763]LogModuleManager: Shutting down and abandoning module Paper2DEditor (272)
[2018.02.27-20.45.23:503][763]LogModuleManager: Shutting down and abandoning module MeshPaint (271)
[2018.02.27-20.45.23:503][763]LogModuleManager: Shutting down and abandoning module LevelEditor (269)
[2018.02.27-20.45.23:504][763]LogModuleManager: Shutting down and abandoning module PixelInspectorModule (268)
[2018.02.27-20.45.23:504][763]LogModuleManager: Shutting down and abandoning module MainFrame (266)
[2018.02.27-20.45.23:504][763]LogModuleManager: Shutting down and abandoning module HotReload (265)
[2018.02.27-20.45.23:505][763]LogModuleManager: Shutting down and abandoning module RuntimePhysXCooking (260)
[2018.02.27-20.45.23:505][763]LogModuleManager: Shutting down and abandoning module PhysXVehiclesEditor (258)
[2018.02.27-20.45.23:505][763]LogModuleManager: Shutting down and abandoning module PhysXVehicles (256)
[2018.02.27-20.45.23:505][763]LogModuleManager: Shutting down and abandoning module OculusEditor (254)
[2018.02.27-20.45.23:505][763]LogModuleManager: Shutting down and abandoning module LocationServicesBPLibrary (252)
[2018.02.27-20.45.23:505][763]LogModuleManager: Shutting down and abandoning module ImmediatePhysicsEditor (250)
[2018.02.27-20.45.23:505][763]LogModuleManager: Shutting down and abandoning module ImmediatePhysics (248)
[2018.02.27-20.45.23:505][763]LogModuleManager: Shutting down and abandoning module UdpMessaging (246)
[2018.02.27-20.45.23:606][763]LogModuleManager: Shutting down and abandoning module TcpMessaging (244)
[2018.02.27-20.45.23:706][763]LogModuleManager: Shutting down and abandoning module GameplayTagsEditor (242)
[2018.02.27-20.45.23:706][763]LogModuleManager: Shutting down and abandoning module FacialAnimationEditor (240)
[2018.02.27-20.45.23:706][763]LogModuleManager: Shutting down and abandoning module FacialAnimation (238)
[2018.02.27-20.45.23:706][763]LogModuleManager: Shutting down and abandoning module AssetManagerEditor (236)
[2018.02.27-20.45.23:706][763]LogModuleManager: Shutting down and abandoning module GraphEditor (235)
[2018.02.27-20.45.23:706][763]LogModuleManager: Shutting down and abandoning module ContentBrowser (233)
[2018.02.27-20.45.23:708][763]LogModuleManager: Shutting down and abandoning module LightPropagationVolumeRuntime (230)
[2018.02.27-20.45.23:708][763]LogModuleManager: Shutting down and abandoning module Paper2D (228)
[2018.02.27-20.45.23:708][763]LogModuleManager: Shutting down and abandoning module WindowsMoviePlayer (226)
[2018.02.27-20.45.23:708][763]LogModuleManager: Shutting down and abandoning module WmfMedia (224)
[2018.02.27-20.45.23:710][763]LogModuleManager: Shutting down and abandoning module PacketHandler (222)
[2018.02.27-20.45.23:710][763]LogModuleManager: Shutting down and abandoning module ClothingSystemEditor (220)
[2018.02.27-20.45.23:711][763]LogModuleManager: Shutting down and abandoning module ClothingSystemRuntime (218)
[2018.02.27-20.45.23:711][763]LogModuleManager: Shutting down and abandoning module Overlay (216)
[2018.02.27-20.45.23:711][763]LogModuleManager: Shutting down and abandoning module OverlayEditor (215)
[2018.02.27-20.45.23:711][763]LogModuleManager: Shutting down and abandoning module MediaAssets (212)
[2018.02.27-20.45.23:711][763]LogModuleManager: Shutting down and abandoning module VREditor (210)
[2018.02.27-20.45.23:711][763]LogModuleManager: Shutting down and abandoning module StringTableEditor (208)
[2018.02.27-20.45.23:711][763]LogModuleManager: Shutting down and abandoning module GameplayTasksEditor (206)
[2018.02.27-20.45.23:711][763]LogModuleManager: Shutting down and abandoning module BehaviorTreeEditor (204)
[2018.02.27-20.45.23:711][763]LogModuleManager: Shutting down and abandoning module FunctionalTesting (202)
[2018.02.27-20.45.23:711][763]LogModuleManager: Shutting down and abandoning module CollisionAnalyzer (200)
[2018.02.27-20.45.23:711][763]LogModuleManager: Shutting down and abandoning module WorkspaceMenuStructure (199)
[2018.02.27-20.45.23:711][763]LogModuleManager: Shutting down and abandoning module UMG (196)
[2018.02.27-20.45.23:711][763]LogModuleManager: Shutting down and abandoning module UMGEditor (195)
[2018.02.27-20.45.23:711][763]LogModuleManager: Shutting down and abandoning module Sequencer (194)
[2018.02.27-20.45.23:711][763]LogModuleManager: Shutting down and abandoning module MessageLog (191)
[2018.02.27-20.45.23:711][763]LogModuleManager: Shutting down and abandoning module SlateReflector (186)
[2018.02.27-20.45.23:711][763]LogModuleManager: Shutting down and abandoning module Slate (184)
[2018.02.27-20.45.23:711][763]LogModuleManager: Shutting down and abandoning module EditorStyle (182)
[2018.02.27-20.45.23:714][763]LogModuleManager: Shutting down and abandoning module MRMesh (180)
[2018.02.27-20.45.23:714][763]LogModuleManager: Shutting down and abandoning module SourceCodeAccess (178)
[2018.02.27-20.45.23:714][763]LogModuleManager: Shutting down and abandoning module HeadMountedDisplay (176)
[2018.02.27-20.45.23:714][763]LogModuleManager: Shutting down and abandoning module XAudio2 (174)
[2018.02.27-20.45.23:714][763]LogModuleManager: Shutting down and abandoning module Networking (172)
[2018.02.27-20.45.23:714][763]LogModuleManager: Shutting down and abandoning module Core (168)
[2018.02.27-20.45.23:714][763]LogModuleManager: Shutting down and abandoning module KismetCompiler (164)
[2018.02.27-20.45.23:714][763]LogModuleManager: Shutting down and abandoning module LevelSequence (162)
[2018.02.27-20.45.23:714][763]LogModuleManager: Shutting down and abandoning module MeshUtilities (160)
[2018.02.27-20.45.23:714][763]LogModuleManager: Shutting down and abandoning module MeshMergeUtilities (159)
[2018.02.27-20.45.23:714][763]LogModuleManager: Shutting down and abandoning module MeshReductionInterface (158)
[2018.02.27-20.45.23:714][763]LogModuleManager: Shutting down and abandoning module SimplygonSwarm (157)
[2018.02.27-20.45.23:714][763]LogModuleManager: Shutting down and abandoning module SimplygonMeshReduction (155)
[2018.02.27-20.45.23:714][763]LogModuleManager: Shutting down and abandoning module QuadricMeshReduction (153)
[2018.02.27-20.45.23:714][763]LogModuleManager: Shutting down and abandoning module MaterialBaking (149)
[2018.02.27-20.45.23:714][763]LogModuleManager: Shutting down and abandoning module DirectoryWatcher (146)
[2018.02.27-20.45.23:720][763]LogModuleManager: Shutting down and abandoning module DerivedDataCache (144)
[2018.02.27-20.45.23:809][763]LogDerivedDataCache: Shutdown
[2018.02.27-20.45.23:809][763]LogModuleManager: Shutting down and abandoning module TargetPlatform (142)
[2018.02.27-20.45.23:809][763]LogModuleManager: Shutting down and abandoning module VulkanShaderFormat (141)
[2018.02.27-20.45.23:809][763]LogModuleManager: Shutting down and abandoning module ShaderFormatVectorVM (139)
[2018.02.27-20.45.23:809][763]LogModuleManager: Shutting down and abandoning module ShaderFormatOpenGL (137)
[2018.02.27-20.45.23:809][763]LogModuleManager: Shutting down and abandoning module ShaderFormatD3D (135)
[2018.02.27-20.45.23:809][763]LogModuleManager: Shutting down and abandoning module MetalShaderFormat (133)
[2018.02.27-20.45.23:809][763]LogModuleManager: Shutting down and abandoning module TextureFormatUncompressed (131)
[2018.02.27-20.45.23:809][763]LogModuleManager: Shutting down and abandoning module TextureFormatPVR (129)
[2018.02.27-20.45.23:809][763]LogModuleManager: Shutting down and abandoning module TextureFormatDXT (127)
[2018.02.27-20.45.23:809][763]LogModuleManager: Shutting down and abandoning module TextureFormatIntelISPCTexComp (125)
[2018.02.27-20.45.23:810][763]LogModuleManager: Shutting down and abandoning module TextureFormatASTC (123)
[2018.02.27-20.45.23:810][763]LogModuleManager: Shutting down and abandoning module ImageWrapper (122)
[2018.02.27-20.45.23:810][763]LogModuleManager: Shutting down and abandoning module TextureFormatAndroid (119)
[2018.02.27-20.45.23:810][763]LogModuleManager: Shutting down and abandoning module AudioFormatOpus (117)
[2018.02.27-20.45.23:810][763]LogModuleManager: Shutting down and abandoning module AudioFormatOgg (115)
[2018.02.27-20.45.23:810][763]LogModuleManager: Shutting down and abandoning module AudioFormatADPCM (113)
[2018.02.27-20.45.23:810][763]LogModuleManager: Shutting down and abandoning module LinuxTargetPlatform (111)
[2018.02.27-20.45.23:810][763]LogModuleManager: Shutting down and abandoning module LinuxServerTargetPlatform (109)
[2018.02.27-20.45.23:810][763]LogModuleManager: Shutting down and abandoning module LinuxNoEditorTargetPlatform (107)
[2018.02.27-20.45.23:810][763]LogModuleManager: Shutting down and abandoning module LinuxClientTargetPlatform (105)
[2018.02.27-20.45.23:810][763]LogModuleManager: Shutting down and abandoning module TVOSTargetPlatform (103)
[2018.02.27-20.45.23:810][763]LogModuleManager: Shutting down and abandoning module Messaging (101)
[2018.02.27-20.45.23:810][763]LogModuleManager: Shutting down and abandoning module IOSTargetPlatform (99)
[2018.02.27-20.45.23:810][763]LogModuleManager: Shutting down and abandoning module HTML5TargetPlatform (97)
[2018.02.27-20.45.23:810][763]LogModuleManager: Shutting down and abandoning module Android_PVRTCTargetPlatform (95)
[2018.02.27-20.45.23:810][763]LogModuleManager: Shutting down and abandoning module Android_MultiTargetPlatform (93)
[2018.02.27-20.45.23:810][763]LogModuleManager: Shutting down and abandoning module Android_ETC2TargetPlatform (91)
[2018.02.27-20.45.23:810][763]LogModuleManager: Shutting down and abandoning module Android_ETC1TargetPlatform (89)
[2018.02.27-20.45.23:810][763]LogModuleManager: Shutting down and abandoning module Android_DXTTargetPlatform (87)
[2018.02.27-20.45.23:810][763]LogModuleManager: Shutting down and abandoning module Android_ATCTargetPlatform (85)
[2018.02.27-20.45.23:810][763]LogModuleManager: Shutting down and abandoning module Android_ASTCTargetPlatform (83)
[2018.02.27-20.45.23:810][763]LogModuleManager: Shutting down and abandoning module AndroidTargetPlatform (81)
[2018.02.27-20.45.23:810][763]LogModuleManager: Shutting down and abandoning module WindowsTargetPlatform (79)
[2018.02.27-20.45.23:810][763]LogModuleManager: Shutting down and abandoning module WindowsServerTargetPlatform (77)
[2018.02.27-20.45.23:810][763]LogModuleManager: Shutting down and abandoning module WindowsNoEditorTargetPlatform (75)
[2018.02.27-20.45.23:810][763]LogModuleManager: Shutting down and abandoning module WindowsClientTargetPlatform (73)
[2018.02.27-20.45.23:810][763]LogModuleManager: Shutting down and abandoning module MacTargetPlatform (71)
[2018.02.27-20.45.23:810][763]LogModuleManager: Shutting down and abandoning module MacServerTargetPlatform (69)
[2018.02.27-20.45.23:810][763]LogModuleManager: Shutting down and abandoning module MacNoEditorTargetPlatform (67)
[2018.02.27-20.45.23:810][763]LogModuleManager: Shutting down and abandoning module MacClientTargetPlatform (65)
[2018.02.27-20.45.23:810][763]LogModuleManager: Shutting down and abandoning module AllDesktopTargetPlatform (63)
[2018.02.27-20.45.23:810][763]LogModuleManager: Shutting down and abandoning module InputCore (60)
[2018.02.27-20.45.23:810][763]LogModuleManager: Shutting down and abandoning module Settings (58)
[2018.02.27-20.45.23:811][763]LogModuleManager: Shutting down and abandoning module PhysXCooking (56)
[2018.02.27-20.45.23:811][763]LogModuleManager: Shutting down and abandoning module SteamVR (54)
[2018.02.27-20.45.23:811][763]LogModuleManager: Shutting down and abandoning module OculusHMD (52)
[2018.02.27-20.45.23:811][763]LogModuleManager: Shutting down and abandoning module ExampleDeviceProfileSelector (50)
[2018.02.27-20.45.23:811][763]LogModuleManager: Shutting down and abandoning module OnlineBlueprintSupport (48)
[2018.02.27-20.45.23:811][763]LogModuleManager: Shutting down and abandoning module OnlineSubsystem (44)
[2018.02.27-20.45.23:811][763]LogOnline: Display: Unloading online subsystem: NULL
[2018.02.27-20.45.23:811][763]LogModuleManager: Shutting down and abandoning module XMPP (43)
[2018.02.27-20.45.23:811][763]LogModuleManager: Shutting down and abandoning module HTTP (41)
[2018.02.27-20.45.23:811][763]LogHttp: Display: Http module shutting down, but needs to wait on 1 outstanding Http requests:
[2018.02.27-20.45.23:811][763]LogHttp: Display: 	verb=[POST] url=[https://datarouter.ol.epicgames.com/datarouter/api/v1/public/data?SessionID=%7B2FB9D75A-41EA-02F9-FC61-348798236CF2%7D&AppID=UEEditor.Rocket.Release&AppVersion=4.17.2-3658906%2B%2B%2BUE4%2BRelease-4.17&UserID=adda090c49740729cb7bb185053a43ce%7Cad5eef25b8fb446ba473730141800457%7C587c5313-f867-4d28-9d66-96406ef84c23&AppEnvironment=datacollector-binary&UploadType=eteventstream] status=Processing
[2018.02.27-20.45.23:832][763]LogModuleManager: Shutting down and abandoning module SSL (40)
[2018.02.27-20.45.23:833][763]LogModuleManager: Shutting down and abandoning module AnimationModifiers (36)
[2018.02.27-20.45.23:833][763]LogModuleManager: Shutting down and abandoning module PropertyEditor (35)
[2018.02.27-20.45.23:834][763]LogModuleManager: Shutting down and abandoning module AudioEditor (32)
[2018.02.27-20.45.23:834][763]LogModuleManager: Shutting down and abandoning module TextureCompressor (30)
[2018.02.27-20.45.23:834][763]LogModuleManager: Shutting down and abandoning module ShaderCore (28)
[2018.02.27-20.45.23:834][763]LogModuleManager: Shutting down and abandoning module Landscape (26)
[2018.02.27-20.45.23:834][763]LogModuleManager: Shutting down and abandoning module SlateRHIRenderer (24)
[2018.02.27-20.45.23:836][763]LogModuleManager: Shutting down and abandoning module OpenGLDrv (22)
[2018.02.27-20.45.23:836][763]LogModuleManager: Shutting down and abandoning module D3D11RHI (20)
[2018.02.27-20.45.23:836][763]LogModuleManager: Shutting down and abandoning module AnimGraphRuntime (18)
[2018.02.27-20.45.23:836][763]LogModuleManager: Shutting down and abandoning module Renderer (16)
[2018.02.27-20.45.23:836][763]LogModuleManager: Shutting down and abandoning module Engine (14)
[2018.02.27-20.45.23:836][763]LogModuleManager: Shutting down and abandoning module CoreUObject (12)
[2018.02.27-20.45.23:836][763]LogModuleManager: Shutting down and abandoning module NetworkFile (10)
[2018.02.27-20.45.23:836][763]LogModuleManager: Shutting down and abandoning module CookedIterativeFile (8)
[2018.02.27-20.45.23:836][763]LogModuleManager: Shutting down and abandoning module StreamingFile (6)
[2018.02.27-20.45.23:836][763]LogModuleManager: Shutting down and abandoning module SandboxFile (4)
[2018.02.27-20.45.23:836][763]LogModuleManager: Shutting down and abandoning module PakFile (2)
[2018.02.27-20.45.23:840][763]LogExit: Exiting.
[2018.02.27-20.45.23:864][763]Log file closed, 02/27/18 20:45:23
