Log file open, 02/25/18 20:30:08
LogWindows: Failed to load 'aqProf.dll' (GetLastError=126)
LogWindows: File 'aqProf.dll' does not exist
LogWindows: Failed to load 'VtuneApi.dll' (GetLastError=126)
LogWindows: File 'VtuneApi.dll' does not exist
LogWindows: Failed to load 'VtuneApi32e.dll' (GetLastError=126)
LogWindows: File 'VtuneApi32e.dll' does not exist
LogInit: Display: Running engine for game: DissertationProject
LogPlatformFile: Not using cached read wrapper
LogInit: Display: RandInit(156806980) SRandInit(156806980).
LogTaskGraph: Started task graph with 5 named threads and 14 total threads with 3 sets of task threads.
LogStats: Stats thread started at 0.283156
LogD3D11RHI: Aftermath initialized
LogPluginManager: Mounting plugin Paper2D
LogPluginManager: Mounting plugin LightPropagationVolume
LogPluginManager: Mounting plugin CodeLiteSourceCodeAccess
LogPluginManager: Mounting plugin GitSourceControl
LogPluginManager: Mounting plugin KDevelopSourceCodeAccess
LogPluginManager: Mounting plugin NullSourceCodeAccess
LogPluginManager: Mounting plugin PerforceSourceControl
LogPluginManager: Mounting plugin SubversionSourceControl
LogPluginManager: Mounting plugin UObjectPlugin
LogPluginManager: Mounting plugin VisualStudioSourceCodeAccess
LogPluginManager: Mounting plugin XCodeSourceCodeAccess
LogPluginManager: Mounting plugin AssetManagerEditor
LogPluginManager: Mounting plugin AudioCapture
LogPluginManager: Mounting plugin FacialAnimation
LogPluginManager: Mounting plugin GameplayTagsEditor
LogPluginManager: Mounting plugin MobileLauncherProfileWizard
LogPluginManager: Mounting plugin PluginBrowser
LogPluginManager: Mounting plugin SpeedTreeImporter
LogPluginManager: Mounting plugin AlembicImporter
LogPluginManager: Mounting plugin CharacterAI
LogPluginManager: Mounting plugin HTML5Networking
LogPluginManager: Mounting plugin AndroidMedia
LogPluginManager: Mounting plugin AvfMedia
LogPluginManager: Mounting plugin MediaPlayerEditor
LogPluginManager: Mounting plugin WmfMedia
LogPluginManager: Mounting plugin TcpMessaging
LogPluginManager: Mounting plugin UdpMessaging
LogPluginManager: Mounting plugin LevelSequenceEditor
LogPluginManager: Mounting plugin MatineeToLevelSequence
LogPluginManager: Mounting plugin OnlineSubsystemGooglePlay
LogPluginManager: Mounting plugin OnlineSubsystemIOS
LogPluginManager: Mounting plugin OnlineSubsystem
LogPluginManager: Mounting plugin OnlineSubsystemNull
LogPluginManager: Mounting plugin OnlineSubsystemUtils
LogPluginManager: Mounting plugin AndroidDeviceProfileSelector
LogPluginManager: Mounting plugin AndroidMoviePlayer
LogPluginManager: Mounting plugin AndroidPermission
LogPluginManager: Mounting plugin AppleMoviePlayer
LogPluginManager: Mounting plugin ArchVisCharacter
LogPluginManager: Mounting plugin CableComponent
LogPluginManager: Mounting plugin CustomMeshComponent
LogPluginManager: Mounting plugin ExampleDeviceProfileSelector
LogPluginManager: Mounting plugin GoogleCloudMessaging
LogPluginManager: Mounting plugin ImmediatePhysics
LogPluginManager: Mounting plugin IOSDeviceProfileSelector
LogPluginManager: Mounting plugin LinuxDeviceProfileSelector
LogPluginManager: Mounting plugin LocationServicesBPLibrary
LogPluginManager: Mounting plugin MobilePatchingUtils
LogPluginManager: Mounting plugin OculusVR
LogPluginManager: Mounting plugin PhysXVehicles
LogPluginManager: Mounting plugin ProceduralMeshComponent
LogPluginManager: Mounting plugin RuntimePhysXCooking
LogPluginManager: Mounting plugin SteamVR
LogPluginManager: Mounting plugin WindowsMoviePlayer
LogInit: Using libcurl 7.47.1
LogInit:  - built for x86_64-pc-win32
LogInit:  - supports SSL with OpenSSL/1.0.2g
LogInit:  - supports HTTP deflate (compression) using libz 1.2.8
LogInit:  - other features:
LogInit:      CURL_VERSION_SSL
LogInit:      CURL_VERSION_LIBZ
LogInit:      CURL_VERSION_IPV6
LogInit:      CURL_VERSION_ASYNCHDNS
LogInit:      CURL_VERSION_LARGEFILE
LogInit:      CURL_VERSION_IDN
LogInit:  CurlRequestOptions (configurable via config and command line):
LogInit:  - bVerifyPeer = false  - Libcurl will NOT verify peer certificate
LogInit:  - bUseHttpProxy = false  - Libcurl will NOT use HTTP proxy
LogInit:  - bDontReuseConnections = false  - Libcurl will reuse connections
LogInit:  - CertBundlePath = nullptr  - Libcurl will use whatever was configured at build time.
LogInit: Build: ++UE4+Release-4.17-CL-3658906
LogInit: Engine Version: 4.17.2-3658906+++UE4+Release-4.17
LogInit: Compatible Engine Version: 4.17.0-3573198+++UE4+Release-4.17
LogInit: Net CL: 3573198
LogDevObjectVersion: Number of dev versions registered: 16
LogDevObjectVersion:   Dev-Blueprints (B0D832E4-1F89-4F0D-ACCF-7EB736FD4AA2): 10
LogDevObjectVersion:   Dev-Build (E1C64328-A22C-4D53-A36C-8E866417BD8C): 0
LogDevObjectVersion:   Dev-Core (375EC13C-06E4-48FB-B500-84F0262A717E): 2
LogDevObjectVersion:   Dev-Editor (E4B068ED-F494-42E9-A231-DA0B2E46BB41): 20
LogDevObjectVersion:   Dev-Framework (CFFC743F-43B0-4480-9391-14DF171D2073): 28
LogDevObjectVersion:   Dev-Mobile (B02B49B5-BB20-44E9-A304-32B752E40360): 0
LogDevObjectVersion:   Dev-Networking (A4E4105C-59A1-49B5-A7C5-40C4547EDFEE): 0
LogDevObjectVersion:   Dev-Online (39C831C9-5AE6-47DC-9A44-9C173E1C8E7C): 0
LogDevObjectVersion:   Dev-Physics (78F01B33-EBEA-4F98-B9B4-84EACCB95AA2): 0
LogDevObjectVersion:   Dev-Platform (6631380F-2D4D-43E0-8009-CF276956A95A): 0
LogDevObjectVersion:   Dev-Rendering (12F88B9F-8875-4AFC-A67C-D90C383ABD29): 19
LogDevObjectVersion:   Dev-Sequencer (7B5AE74C-D270-4C10-A958-57980B212A5A): 4
LogDevObjectVersion:   Dev-VR (D7296918-1DD6-4BDD-9DE2-64A83CC13884): 0
LogDevObjectVersion:   Dev-LoadTimes (C2A15278-BFE7-4AFE-6C17-90FF531DF755): 1
LogDevObjectVersion:   Private-Geometry (6EACA3D4-40EC-4CC1-B786-8BED09428FC5): 1
LogDevObjectVersion:   Dev-AnimPhys (29E575DD-E0A3-4627-9D10-D276232CDCEA): 7
LogInit: Compiled (64-bit): Sep 22 2017 13:47:16
LogInit: Compiled with Visual C++: 19.00.24215.01
LogInit: Build Configuration: Development
LogInit: Branch Name: ++UE4+Release-4.17
LogInit: Command line:  
LogInit: Base directory: C:/Program Files/Epic Games/UE_4.17/Engine/Binaries/Win64/
LogInit: Installed Engine Build: 1
LogInit: Presizing for max 8388607 objects, including 0 objects not considered by GC, pre-allocating 0 bytes for permanent pool.
LogInit: Object subsystem initialized
[2018.02.25-20.30.09:654][  0]LogInit: Selected Device Profile: [Windows]
[2018.02.25-20.30.09:654][  0]LogInit: Applying CVar settings loaded from the selected device profile: [Windows]
[2018.02.25-20.30.09:751][  0]LogInit: Computer: A10-280X
[2018.02.25-20.30.09:751][  0]LogInit: User: Zachari
[2018.02.25-20.30.09:751][  0]LogInit: CPU Page size=4096, Cores=4
[2018.02.25-20.30.09:751][  0]LogInit: High frequency timer resolution =3.897227 MHz
[2018.02.25-20.30.09:751][  0]LogMemory: Memory total: Physical=16.0GB (16GB approx)
[2018.02.25-20.30.09:751][  0]LogMemory: Platform Memory Stats for Windows
[2018.02.25-20.30.09:751][  0]LogMemory: Process Physical Memory: 280.14 MB used, 280.14 MB peak
[2018.02.25-20.30.09:751][  0]LogMemory: Process Virtual Memory: 282.50 MB used, 282.50 MB peak
[2018.02.25-20.30.09:751][  0]LogMemory: Physical Memory: 6042.92 MB used,  10291.92 MB free, 16334.84 MB total
[2018.02.25-20.30.09:751][  0]LogMemory: Virtual Memory: 710.59 MB used,  10291.92 MB free, 134217728.00 MB total
[2018.02.25-20.30.10:698][  0]LogInit: Using OS detected language (en-GB).
[2018.02.25-20.30.10:698][  0]LogInit: Using OS detected locale (en-GB).
[2018.02.25-20.30.11:086][  0]LogTextLocalizationManager: No specific localization for 'en-GB' exists, so the 'en' localization will be used.
[2018.02.25-20.30.16:770][  0]LogD3D11RHI: D3D11 adapters:
[2018.02.25-20.30.16:811][  0]LogD3D11RHI:    0. 'NVIDIA GeForce GTX 1060 6GB' (Feature Level 11_0)
[2018.02.25-20.30.16:811][  0]LogD3D11RHI:       6061/0/8167 MB DedicatedVideo/DedicatedSystem/SharedSystem, Outputs:2, VendorId:0x10de
[2018.02.25-20.30.16:814][  0]LogD3D11RHI:    1. 'Microsoft Basic Render Driver' (Feature Level 11_0)
[2018.02.25-20.30.16:814][  0]LogD3D11RHI:       0/0/8167 MB DedicatedVideo/DedicatedSystem/SharedSystem, Outputs:0, VendorId:0x1414
[2018.02.25-20.30.16:814][  0]LogD3D11RHI: Chosen D3D11 Adapter: 0
[2018.02.25-20.30.16:819][  0]LogD3D11RHI: Creating new Direct3DDevice
[2018.02.25-20.30.16:819][  0]LogD3D11RHI:     GPU DeviceId: 0x1c03 (for the marketing name, search the web for "GPU Device Id")
[2018.02.25-20.30.16:819][  0]LogWindows: EnumDisplayDevices:
[2018.02.25-20.30.16:819][  0]LogWindows:    0. 'NVIDIA GeForce GTX 1060 6GB' (P:1 D:1)
[2018.02.25-20.30.16:819][  0]LogWindows:    1. 'NVIDIA GeForce GTX 1060 6GB' (P:0 D:1)
[2018.02.25-20.30.16:820][  0]LogWindows:    2. 'NVIDIA GeForce GTX 1060 6GB' (P:0 D:0)
[2018.02.25-20.30.16:820][  0]LogWindows:    3. 'NVIDIA GeForce GTX 1060 6GB' (P:0 D:0)
[2018.02.25-20.30.16:820][  0]LogWindows: DebugString: GetVideoDriverDetailsInvalid PrimaryIsNotTheChoosenAdapter GetVideoDriverDetailsInvalid PrimaryIsNotTheChoosenAdapter GetVideoDriverDetailsInvalid PrimaryIsNotTheChoosenAdapter GetVideoDriverDetailsInvalid PrimaryIsNotTheChoosenAdapter FoundDriverCount:0 
[2018.02.25-20.30.16:820][  0]LogD3D11RHI:     Adapter Name: NVIDIA GeForce GTX 1060 6GB
[2018.02.25-20.30.16:820][  0]LogD3D11RHI:   Driver Version: Unknown (internal:Unknown, unified:Unknown)
[2018.02.25-20.30.16:820][  0]LogD3D11RHI:      Driver Date: Unknown
[2018.02.25-20.30.16:820][  0]LogRHI: Texture pool is 1361 MB (70% of 1945 MB)
[2018.02.25-20.30.16:846][  0]LogD3D11RHI: Async texture creation enabled
[2018.02.25-20.30.16:951][  0]LogD3D11RHI: GPU Timing Frequency: 1000.000000 (Debug: 2 1)
[2018.02.25-20.30.17:043][  0]LogShaderCompilers: Guid format shader working directory is -31 characters bigger than the processId version (../../../../../../Users/Zachari/Downloads/Dissertation Work/DissertationProject/Intermediate/Shaders/WorkingDirectory/3664/).
[2018.02.25-20.30.17:043][  0]LogShaderCompilers: Cleaned the shader compiler working directory 'C:/Users/Zachari/AppData/Local/Temp/UnrealShaderWorkingDir/39B475994AA5B5A024DA509D40618CBB/'.
[2018.02.25-20.30.17:043][  0]LogShaderCompilers: Display: Using Local Shader Compiler.
[2018.02.25-20.30.21:007][  0]LogTemp: Display: Loaded TP AllDesktopTargetPlatform
[2018.02.25-20.30.21:071][  0]LogTemp: Display: Loaded TP MacClientTargetPlatform
[2018.02.25-20.30.21:134][  0]LogTemp: Display: Loaded TP MacNoEditorTargetPlatform
[2018.02.25-20.30.21:196][  0]LogTemp: Display: Loaded TP MacServerTargetPlatform
[2018.02.25-20.30.21:290][  0]LogTemp: Display: Loaded TP MacTargetPlatform
[2018.02.25-20.30.21:352][  0]LogTemp: Display: Loaded TP WindowsClientTargetPlatform
[2018.02.25-20.30.21:416][  0]LogTemp: Display: Loaded TP WindowsNoEditorTargetPlatform
[2018.02.25-20.30.21:479][  0]LogTemp: Display: Loaded TP WindowsServerTargetPlatform
[2018.02.25-20.30.21:539][  0]LogTemp: Display: Loaded TP WindowsTargetPlatform
[2018.02.25-20.30.21:613][  0]LogTemp: Display: Loaded TP AndroidTargetPlatform
[2018.02.25-20.30.21:676][  0]LogTemp: Display: Loaded TP Android_ASTCTargetPlatform
[2018.02.25-20.30.21:740][  0]LogTemp: Display: Loaded TP Android_ATCTargetPlatform
[2018.02.25-20.30.21:804][  0]LogTemp: Display: Loaded TP Android_DXTTargetPlatform
[2018.02.25-20.30.21:867][  0]LogTemp: Display: Loaded TP Android_ETC1TargetPlatform
[2018.02.25-20.30.21:935][  0]LogTemp: Display: Loaded TP Android_ETC2TargetPlatform
[2018.02.25-20.30.22:076][  0]LogTemp: Display: Loaded TP Android_MultiTargetPlatform
[2018.02.25-20.30.22:076][  0]LogTemp: Display: Loaded TP Android_PVRTCTargetPlatform
[2018.02.25-20.30.22:135][  0]LogTemp: Display: Loaded TP HTML5TargetPlatform
[2018.02.25-20.30.22:278][  0]LogTemp: Display: Loaded TP IOSTargetPlatform
[2018.02.25-20.30.22:311][  0]LogTemp: Display: Loaded TP TVOSTargetPlatform
[2018.02.25-20.30.22:377][  0]LogTemp: Display: Loaded TP LinuxClientTargetPlatform
[2018.02.25-20.30.22:440][  0]LogTemp: Display: Loaded TP LinuxNoEditorTargetPlatform
[2018.02.25-20.30.22:504][  0]LogTemp: Display: Loaded TP LinuxServerTargetPlatform
[2018.02.25-20.30.22:582][  0]LogTemp: Display: Loaded TP LinuxTargetPlatform
[2018.02.25-20.30.22:582][  0]LogTargetPlatformManager: Display: Building Assets For Windows
[2018.02.25-20.30.23:669][  0]LogDerivedDataCache: Display: Max Cache Size: 512 MB
[2018.02.25-20.30.24:255][  0]LogDerivedDataCache: Loaded boot cache 0.59s 93MB C:/Users/Zachari/AppData/Local/UnrealEngine/4.17/DerivedDataCache/Boot.ddc.
[2018.02.25-20.30.24:255][  0]LogDerivedDataCache: Display: Loaded Boot cache: C:/Users/Zachari/AppData/Local/UnrealEngine/4.17/DerivedDataCache/Boot.ddc
[2018.02.25-20.30.24:256][  0]LogDerivedDataCache: FDerivedDataBackendGraph:  Pak pak cache file ../../../../../../Users/Zachari/Downloads/Dissertation Work/DissertationProject/DerivedDataCache/DDC.ddp not found, will not use a pak cache.
[2018.02.25-20.30.24:256][  0]LogDerivedDataCache: Unable to find inner node Pak for hierarchical cache Hierarchy.
[2018.02.25-20.30.24:256][  0]LogDerivedDataCache: FDerivedDataBackendGraph:  CompressedPak pak cache file ../../../../../../Users/Zachari/Downloads/Dissertation Work/DissertationProject/DerivedDataCache/Compressed.ddp not found, will not use a pak cache.
[2018.02.25-20.30.24:256][  0]LogDerivedDataCache: Unable to find inner node CompressedPak for hierarchical cache Hierarchy.
[2018.02.25-20.30.24:312][  0]LogDerivedDataCache: Display: Pak cache opened for reading ../../../Engine/DerivedDataCache/Compressed.ddp.
[2018.02.25-20.30.24:324][  0]LogDerivedDataCache: Using Local data cache path C:/Users/Zachari/AppData/Local/UnrealEngine/Common/DerivedDataCache: Writable
[2018.02.25-20.30.24:333][  0]LogMaterial: Verifying Global Shaders for PCD3D_SM5
[2018.02.25-20.30.24:334][  0]LogSlate: Using Freetype 2.6.0
[2018.02.25-20.30.24:353][  0]LogSlate: SlateFontCache - WITH_FREETYPE: 1, WITH_HARFBUZZ: 1
[2018.02.25-20.30.24:353][  0]LogSlate: SlateFontCache - WITH_FREETYPE: 1, WITH_HARFBUZZ: 1
[2018.02.25-20.30.27:675][  0]LogAssetRegistry: FAssetRegistry took 0.0266 seconds to start up
[2018.02.25-20.30.27:945][  0]LogInit: Selected Device Profile: [Windows]
[2018.02.25-20.30.29:298][  0]LogSimplygon: Simplygon DLL not present - disabling.
[2018.02.25-20.30.29:365][  0]LogMeshReduction: Using SimplygonSwarm for distributed automatic mesh merging
[2018.02.25-20.30.29:365][  0]LogMeshReduction: Using QuadricMeshReduction for automatic static mesh reduction
[2018.02.25-20.30.29:365][  0]LogMeshReduction: No automatic skeletal mesh reduction module available
[2018.02.25-20.30.29:365][  0]LogMeshReduction: No automatic mesh merging module available
[2018.02.25-20.30.29:365][  0]LogMeshMerging: No automatic mesh merging module available
[2018.02.25-20.30.29:366][  0]LogContentStreaming: Texture pool size is 0.00 MB
[2018.02.25-20.30.30:279][  0]LogNetVersion: DissertationProject , NetCL: 3573198, EngineNetVer: 2, GameNetVer: 0 (Checksum: 3225952152)
[2018.02.25-20.30.30:734][  0]LogPackageLocalizationCache: Processed 5 localized package path(s) for 2 prioritized culture(s) in 0.041126 seconds
[2018.02.25-20.30.30:740][  0]LogUObjectArray: 35825 objects as part of root set at end of initial load.
[2018.02.25-20.30.30:740][  0]LogUObjectAllocator: 7529104 out of 0 bytes used by permanent object pool.
[2018.02.25-20.30.30:740][  0]LogUObjectArray: CloseDisregardForGC: 0/0 objects in disregard for GC pool
[2018.02.25-20.30.30:810][  0]LogInit: WinSock: version 1.1 (2.2), MaxSocks=32767, MaxUdp=65467
[2018.02.25-20.30.55:658][  0]LogTcpMessaging: Initializing TcpMessaging bridge
[2018.02.25-20.30.55:701][  0]LogUdpMessaging: Initializing bridge on interface 0.0.0.0:0 to multicast group 230.0.0.1:6666.
[2018.02.25-20.30.56:815][  0]LogMaterial: Uniform references updated for custom material expression Custom.
[2018.02.25-20.30.57:315][  0]SourceControl: Source control is disabled
[2018.02.25-20.30.57:315][  0]SourceControl: Source control is disabled
[2018.02.25-20.30.57:373][  0]SourceControl: Source control is disabled
[2018.02.25-20.30.57:441][  0]SourceControl: Source control is disabled
[2018.02.25-20.30.58:365][  0]LogAndroidPermission: UAndroidPermissionCallbackProxy::GetInstance
[2018.02.25-20.30.58:651][  0]LogOcInput: OculusInput pre-init called
[2018.02.25-20.30.59:021][  0]LogEngine: Initializing Engine...
[2018.02.25-20.30.59:024][  0]LogHMD: Failed to initialize OpenVR with code 100
[2018.02.25-20.30.59:438][  0]LogStats: UGameplayTagsManager::ConstructGameplayTagTree: Construct from data asset -  0.000 s
[2018.02.25-20.30.59:438][  0]LogStats: UGameplayTagsManager::ConstructGameplayTagTree: GameplayTagTreeChangedEvent.Broadcast -  0.000 s
[2018.02.25-20.30.59:983][  0]LogAIModule: Creating AISystem for world Untitled
[2018.02.25-20.31.00:068][  0]LogInit: XAudio2 using 'Speakers (Realtek High Definition Audio)' : 2 channels at 48 kHz using 32 bits per sample (channel mask 0x3)
[2018.02.25-20.31.00:098][  0]LogInit: FAudioDevice initialized.
[2018.02.25-20.31.00:266][  0]LogDerivedDataCache: Saved boot cache 0.17s 93MB C:/Users/Zachari/AppData/Local/UnrealEngine/4.17/DerivedDataCache/Boot.ddc.
[2018.02.25-20.31.00:284][  0]LogInit: Texture streaming: Enabled
[2018.02.25-20.31.00:534][  0]LogEngineSessionManager: EngineSessionManager initialized
[2018.02.25-20.31.00:947][  0]LogInit: Transaction tracking system initialized
[2018.02.25-20.31.01:478][  0]BlueprintLog: New page: Editor Load
[2018.02.25-20.31.03:173][  0]LocalizationService: Localization service is disabled
[2018.02.25-20.31.04:431][  0]LogConsoleResponse: Display: 
[2018.02.25-20.31.05:420][  0]LogCook: Display: Max memory allowance for cook 16384mb min free memory 0mb
[2018.02.25-20.31.05:420][  0]LogCook: Display: Mobile HDR setting 1
[2018.02.25-20.31.05:421][  0]LogGameplayTags: Display: UGameplayTagsManager::DoneAddingNativeTags. DelegateIsBound: 0
[2018.02.25-20.31.05:696][  0]LogFileCache: Scanning file cache for directory 'C:/Users/Zachari/Downloads/Dissertation Work/DissertationProject/Content/' took 0.02s
[2018.02.25-20.31.07:740][  0]SourceControl: Source control is disabled
[2018.02.25-20.31.07:740][  0]Cmd: MAP LOAD FILE="../../../../../../Users/Zachari/Downloads/Dissertation Work/DissertationProject/Content/ThirdPersonBP/Maps/ThirdPersonExampleMap.umap" TEMPLATE=0 SHOWPROGRESS=1 FEATURELEVEL=3
[2018.02.25-20.31.07:741][  0]LightingResults: New page: Lighting Build
[2018.02.25-20.31.07:848][  0]MapCheck: New page: Map Check
[2018.02.25-20.31.07:848][  0]LightingResults: New page: Lighting Build
[2018.02.25-20.31.11:322][  0]LogTexture: Display: Building textures: LQ_Lightmap_1_2 (DXT1, 1024X1024)
[2018.02.25-20.31.11:322][  0]LogTexture: Display: Building textures: LQ_Lightmap_1_1 (DXT1, 1024X1024)
[2018.02.25-20.31.11:322][  0]LogTexture: Display: Building textures: HQ_Lightmap1_2 (AutoDXT, 1024X1024)
[2018.02.25-20.31.11:322][  0]LogTexture: Display: Building textures: HQ_Lightmap1_3 (AutoDXT, 64X64)
[2018.02.25-20.31.11:322][  0]LogTexture: Display: Building textures: HQ_Lightmap1_1 (AutoDXT, 1024X1024)
[2018.02.25-20.31.11:322][  0]LogTexture: Display: Building textures: SkyOcclusion1_2 (AutoDXT, 1024X512)
[2018.02.25-20.31.11:322][  0]LogTexture: Display: Building textures: SkyOcclusion1_1 (AutoDXT, 1024X512)
[2018.02.25-20.31.11:322][  0]LogTexture: Display: Building textures: SkyOcclusion1_3 (AutoDXT, 64X32)
[2018.02.25-20.31.11:322][  0]LogTexture: Display: Building textures: LQ_Lightmap_1_3 (DXT1, 64X64)
[2018.02.25-20.31.13:111][  0]LogAIModule: Creating AISystem for world ThirdPersonExampleMap
[2018.02.25-20.31.13:662][  0]LogEditorServer: Finished looking for orphan Actors (0.000 secs)
[2018.02.25-20.31.13:720][  0]Cmd: MAP CHECKDEP NOCLEARLOG
[2018.02.25-20.31.13:856][  0]MapCheck: Map check complete: 0 Error(s), 0 Warning(s), took 135.001ms to complete.
[2018.02.25-20.31.13:856][  0]LogFileHelpers: Loading map 'ThirdPersonExampleMap' took 6.116
[2018.02.25-20.31.14:319][  0]LogCollectionManager: Loaded 0 collections in 0.001821 seconds
[2018.02.25-20.31.14:411][  0]LogFileCache: Scanning file cache for directory 'C:/Users/Zachari/Downloads/Dissertation Work/DissertationProject/Saved/Collections/' took 0.01s
[2018.02.25-20.31.14:411][  0]LogFileCache: Scanning file cache for directory 'C:/Users/Zachari/Downloads/Dissertation Work/DissertationProject/Content/Developers/Zachari/Collections/' took 0.01s
[2018.02.25-20.31.14:411][  0]LogFileCache: Scanning file cache for directory 'C:/Users/Zachari/Downloads/Dissertation Work/DissertationProject/Content/Collections/' took 0.01s
[2018.02.25-20.31.14:411][  0]LogCollectionManager: Rebuilt the GUID cache for 0 collections in 0.000001 seconds
[2018.02.25-20.31.14:418][  0]LogContentBrowser: Native class hierarchy populated in 0.0076 seconds. Added 2386 classes and 500 folders.
[2018.02.25-20.31.14:505][  0]LogContentBrowser: Native class hierarchy updated for 'WidgetCarousel' in 0.0006 seconds. Added 0 classes and 0 folders.
[2018.02.25-20.31.15:538][  0]LogContentBrowser: Native class hierarchy updated for 'AddContentDialog' in 0.0006 seconds. Added 0 classes and 0 folders.
[2018.02.25-20.31.15:625][  0]LogContentBrowser: Native class hierarchy updated for 'SceneOutliner' in 0.0007 seconds. Added 1 classes and 2 folders.
[2018.02.25-20.31.15:810][  0]LogSlate: Took 0.011989 seconds to synchronously load lazily loaded font '../../../Engine/Content/Slate/Fonts/Roboto-Regular.ttf' (155K)
[2018.02.25-20.31.15:822][  0]LogSlate: Took 0.010385 seconds to synchronously load lazily loaded font '../../../Engine/Content/Slate/Fonts/Roboto-Bold.ttf' (160K)
[2018.02.25-20.31.15:844][  0]LogSlate: Took 0.016750 seconds to synchronously load lazily loaded font '../../../Engine/Content/Editor/Slate/Fonts/FontAwesome.ttf' (139K)
[2018.02.25-20.31.16:014][  0]LogRenderer: Reallocating scene render targets to support 1724x972 Format 10 NumSamples 1 (Frame:1).
[2018.02.25-20.31.16:525][  0]LogContentBrowser: Native class hierarchy updated for 'HierarchicalLODOutliner' in 0.0006 seconds. Added 1 classes and 2 folders.
[2018.02.25-20.31.16:526][  0]LogLoad: (Engine Initialization) Total time: 71.63 seconds
[2018.02.25-20.31.16:526][  0]LogLoad: (Engine Initialization) Total Blueprint compile time: 0.00 seconds
[2018.02.25-20.31.16:526][  0]LogExternalProfiler: Found external profiler: VSPerf
[2018.02.25-20.31.16:526][  0]LogExternalProfiler: Using external profiler: VSPerf
[2018.02.25-20.31.16:913][  0]LogAssetRegistry: Asset discovery search completed in 49.2598 seconds
[2018.02.25-20.31.16:914][  0]LogCollectionManager: Rebuilt the object cache for 0 collections in 0.000001 seconds (found 0 objects)
[2018.02.25-20.31.16:914][  0]LogCollectionManager: Fixed up redirectors for 0 collections in 0.000030 seconds (updated 0 objects)
[2018.02.25-20.31.16:917][  0]LogContentStreaming: Texture pool size now 1000 MB
[2018.02.25-20.35.59:361][233]LogTemp: Repeating last play command: Selected Viewport
[2018.02.25-20.35.59:554][233]LogBlueprintUserMessages: Early PlayInEditor Detection: Level '/Game/ThirdPersonBP/Maps/ThirdPersonExampleMap.ThirdPersonExampleMap:PersistentLevel' has LevelScriptBlueprint '/Game/ThirdPersonBP/Maps/ThirdPersonExampleMap.ThirdPersonExampleMap:PersistentLevel.ThirdPersonExampleMap' with GeneratedClass '/Game/ThirdPersonBP/Maps/ThirdPersonExampleMap.ThirdPersonExampleMap_C' with ClassGeneratedBy '/Game/ThirdPersonBP/Maps/ThirdPersonExampleMap.ThirdPersonExampleMap:PersistentLevel.ThirdPersonExampleMap'
[2018.02.25-20.35.59:554][233]LogPlayLevel: PlayLevel: No blueprints needed recompiling
[2018.02.25-20.35.59:663][233]PIE: New page: PIE session: ThirdPersonExampleMap (25 Feb 2018 20:35:59)
[2018.02.25-20.35.59:689][233]LogPlayLevel: Creating play world package: /Game/ThirdPersonBP/Maps/UEDPIE_0_ThirdPersonExampleMap
[2018.02.25-20.35.59:779][233]LogPlayLevel: PIE: StaticDuplicateObject took: (0.089616s)
[2018.02.25-20.35.59:779][233]LogAIModule: Creating AISystem for world ThirdPersonExampleMap
[2018.02.25-20.35.59:780][233]LogPlayLevel: PIE: World Init took: (0.000754s)
[2018.02.25-20.35.59:780][233]LogPlayLevel: PIE: Created PIE world by copying editor world from /Game/ThirdPersonBP/Maps/ThirdPersonExampleMap.ThirdPersonExampleMap to /Game/ThirdPersonBP/Maps/UEDPIE_0_ThirdPersonExampleMap.ThirdPersonExampleMap (0.090756s)
[2018.02.25-20.35.59:811][233]LogInit: XAudio2 using 'Speakers (Realtek High Definition Audio)' : 2 channels at 48 kHz using 32 bits per sample (channel mask 0x3)
[2018.02.25-20.35.59:822][233]LogInit: FAudioDevice initialized.
[2018.02.25-20.35.59:898][233]LogLoad: Game class is 'ThirdPersonGameMode_C'
[2018.02.25-20.35.59:950][233]LogWorld: Bringing World /Game/ThirdPersonBP/Maps/UEDPIE_0_ThirdPersonExampleMap.ThirdPersonExampleMap up for play (max tick rate 0) at 2018.02.25-20.35.59
[2018.02.25-20.36.00:074][233]LogWorld: Bringing up level for play took: 0.139248
[2018.02.25-20.36.00:215][233]LogContentBrowser: Native class hierarchy updated for 'MovieSceneCapture' in 0.0006 seconds. Added 11 classes and 0 folders.
[2018.02.25-20.36.00:245][233]PIE: Play in editor start time for /Game/ThirdPersonBP/Maps/UEDPIE_0_ThirdPersonExampleMap 0.502
[2018.02.25-20.36.00:245][233]LogBlueprintUserMessages: Late PlayInEditor Detection: Level '/Game/ThirdPersonBP/Maps/ThirdPersonExampleMap.ThirdPersonExampleMap:PersistentLevel' has LevelScriptBlueprint '/Game/ThirdPersonBP/Maps/ThirdPersonExampleMap.ThirdPersonExampleMap:PersistentLevel.ThirdPersonExampleMap' with GeneratedClass '/Game/ThirdPersonBP/Maps/ThirdPersonExampleMap.ThirdPersonExampleMap_C' with ClassGeneratedBy '/Game/ThirdPersonBP/Maps/ThirdPersonExampleMap.ThirdPersonExampleMap:PersistentLevel.ThirdPersonExampleMap'
[2018.02.25-20.36.03:758][598]LogBlueprintUserMessages: Early EndPlayMap Detection: Level '/Game/ThirdPersonBP/Maps/ThirdPersonExampleMap.ThirdPersonExampleMap:PersistentLevel' has LevelScriptBlueprint '/Game/ThirdPersonBP/Maps/ThirdPersonExampleMap.ThirdPersonExampleMap:PersistentLevel.ThirdPersonExampleMap' with GeneratedClass '/Game/ThirdPersonBP/Maps/ThirdPersonExampleMap.ThirdPersonExampleMap_C' with ClassGeneratedBy '/Game/ThirdPersonBP/Maps/ThirdPersonExampleMap.ThirdPersonExampleMap:PersistentLevel.ThirdPersonExampleMap'
[2018.02.25-20.36.03:854][598]LogBlueprintUserMessages: Late EndPlayMap Detection: Level '/Game/ThirdPersonBP/Maps/ThirdPersonExampleMap.ThirdPersonExampleMap:PersistentLevel' has LevelScriptBlueprint '/Game/ThirdPersonBP/Maps/ThirdPersonExampleMap.ThirdPersonExampleMap:PersistentLevel.ThirdPersonExampleMap' with GeneratedClass '/Game/ThirdPersonBP/Maps/ThirdPersonExampleMap.ThirdPersonExampleMap_C' with ClassGeneratedBy '/Game/ThirdPersonBP/Maps/ThirdPersonExampleMap.ThirdPersonExampleMap:PersistentLevel.ThirdPersonExampleMap'
[2018.02.25-20.36.04:651][678]MapCheck: New page: Map Check
[2018.02.25-20.36.04:678][678]Cmd: MAP REBUILD ALLVISIBLE
[2018.02.25-20.36.04:678][678]LogEditorServer: Rebuildmap Clear paths rebuilt
[2018.02.25-20.36.04:929][678]LogMaterial: Missing cached shader map for material FDebugViewModeMaterialProxy WorldGridMaterial, compiling. Is special engine material.
[2018.02.25-20.36.05:041][678]LogMaterial: Missing cached shader map for material FDebugViewModeMaterialProxy CubeMaterial, compiling. 
[2018.02.25-20.36.05:046][678]LogMaterial: Missing cached shader map for material FDebugViewModeMaterialProxy palette, compiling. 
[2018.02.25-20.36.05:051][678]LogMaterial: Missing cached shader map for material FDebugViewModeMaterialProxy BasicShapeMaterial, compiling. 
[2018.02.25-20.36.05:079][678]LogMaterial: Missing cached shader map for material FDebugViewModeMaterialProxy palette, compiling. 
[2018.02.25-20.36.05:084][678]LogMaterial: Missing cached shader map for material FDebugViewModeMaterialProxy palette, compiling. 
[2018.02.25-20.36.05:089][678]LogMaterial: Missing cached shader map for material FDebugViewModeMaterialProxy DefaultTextMaterialOpaque, compiling. 
[2018.02.25-20.36.05:093][678]LogMaterial: Missing cached shader map for material FDebugViewModeMaterialProxy MaterialInstanceDynamic_1, compiling. 
[2018.02.25-20.36.05:098][678]LogMaterial: Missing cached shader map for material FDebugViewModeMaterialProxy palette, compiling. 
[2018.02.25-20.36.05:102][678]LogMaterial: Missing cached shader map for material FDebugViewModeMaterialProxy M_UE4Man_Body, compiling. 
[2018.02.25-20.36.05:123][678]LogMaterial: Missing cached shader map for material FDebugViewModeMaterialProxy M_UE4Man_ChestLogo, compiling. 
[2018.02.25-20.36.05:129][678]LogMaterial: Missing cached shader map for material FDebugViewModeMaterialProxy MatineeCam_mat, compiling. 
[2018.02.25-20.36.08:363][678]TextureStreamingBuild: Display: Compiling optional shaders took 3.438 seconds.
[2018.02.25-20.36.08:763][678]LogLevel: Display: Export Material TexCoord Scales took 0.400 seconds.
[2018.02.25-20.36.09:263][678]TextureStreamingBuild: Display: Build Texture Streaming took 0.018 seconds.
[2018.02.25-20.36.09:639][678]LightingResults: New page: Lighting Build - 25 Feb 2018 20:36:09
[2018.02.25-20.36.12:336][678]LogSwarmInterface: [OpenConnection] Registering TCP channel ...
[2018.02.25-20.36.12:467][678]LogSwarmInterface: [OpenConnection] Connecting to agent ...
[2018.02.25-20.36.12:577][678]LogSwarmInterface: [TryOpenConnection] Testing the Agent
[2018.02.25-20.36.14:641][678]LogSwarmInterface: [TryOpenConnection] Opening Connection to Agent
[2018.02.25-20.36.14:642][678]LogSwarmInterface: [TryOpenConnection] Local Process ID is 3664
[2018.02.25-20.36.20:975][678]LightingResults: Warning: No importance volume found and the scene is so large that the automatically synthesized volume will not yield good results.  Please add a tightly bounding lightmass importance volume to optimize your scene's quality and lighting build times.
[2018.02.25-20.36.20:978][678]LogStaticLightingSystem: Running Lightmass w/ ImmediateImport mode ENABLED
[2018.02.25-20.36.20:983][678]LogStaticLightingSystem: Running Lightmass w/ ImmediateProcess mode ENABLED
[2018.02.25-20.36.20:983][678]LogStaticLightingSystem: Running Lightmass w/ Sorting mode ENABLED
[2018.02.25-20.36.20:983][678]LogStaticLightingSystem: Running Lightmass w/ Mapping paddings ENABLED
[2018.02.25-20.36.20:983][678]LogStaticLightingSystem: Running Lightmass w/ Mapping debug paddings DISABLED
[2018.02.25-20.36.21:369][678]Cmd: MAP CHECK DONTDISPLAYDIALOG
[2018.02.25-20.36.21:369][678]MapCheck: New page: ThirdPersonExampleMap - 25 Feb 2018 20:36:21
[2018.02.25-20.36.21:427][678]MapCheck: Error: WorldInfo_0 Maps need lighting rebuilt 
[2018.02.25-20.36.21:452][678]MapCheck: Warning: SpinnnigWhitebox_2991 Large actor receives a pre-shadow and will cause an extreme performance hit unless bCastDynamicShadow is set to false. 
[2018.02.25-20.36.21:452][678]MapCheck: Warning: SpinnnigWhitebox_289 Large actor receives a pre-shadow and will cause an extreme performance hit unless bCastDynamicShadow is set to false. 
[2018.02.25-20.36.21:452][678]MapCheck: Warning: SpinnnigWhitebox_3 Large actor receives a pre-shadow and will cause an extreme performance hit unless bCastDynamicShadow is set to false. 
[2018.02.25-20.36.21:585][678]MapCheck: Map check complete: 1 Error(s), 3 Warning(s), took 216.716ms to complete.
[2018.02.25-20.36.21:608][678]LogEditorBuildUtils: Build time 0:16
[2018.02.25-20.36.28:710][ 53]Job is a success!
[2018.02.25-20.36.28:814][ 54]LogSlate: Took 0.019230 seconds to synchronously load lazily loaded font '../../../Engine/Content/Slate/Fonts/Roboto-Light.ttf' (159K)
[2018.02.25-20.36.29:286][ 54]LogTexture: Display: Building textures: SkyOcclusion0_1 (AutoDXT, 1024X512)
[2018.02.25-20.36.29:286][ 54]LogTexture: Display: Building textures: LQ_Lightmap_0_1 (DXT1, 1024X1024)
[2018.02.25-20.36.29:286][ 54]LogTexture: Display: Building textures: SkyOcclusion0_2 (AutoDXT, 1024X512)
[2018.02.25-20.36.29:286][ 54]LogTexture: Display: Building textures: HQ_Lightmap0_2 (AutoDXT, 1024X1024)
[2018.02.25-20.36.29:286][ 54]LogTexture: Display: Building textures: HQ_Lightmap0_1 (AutoDXT, 1024X1024)
[2018.02.25-20.36.29:286][ 54]LogTexture: Display: Building textures: SkyOcclusion0_3 (AutoDXT, 64X32)
[2018.02.25-20.36.29:286][ 54]LogTexture: Display: Building textures: LQ_Lightmap_0_2 (DXT1, 1024X1024)
[2018.02.25-20.36.29:286][ 54]LogTexture: Display: Building textures: HQ_Lightmap0_3 (AutoDXT, 64X64)
[2018.02.25-20.36.29:286][ 54]LogTexture: Display: Building textures: LQ_Lightmap_0_3 (DXT1, 64X64)
[2018.02.25-20.36.29:369][ 54]LogTexture: Display: Building textures: ShadowMapTexture2D_1 (G8, 32X32)
[2018.02.25-20.36.29:369][ 54]LogTexture: Display: Building textures: ShadowMapTexture2D_0 (G8, 512X512)
[2018.02.25-20.36.29:917][ 54]Lightmass on A10-280X: 5.25 sec total, 517 ms importing, 45 ms setup, 1.16 sec photons, 3.38 sec processing, 0 ms extra exporting [77/77 mappings]. Threads: 23.5 sec total, 4.09 sec processing.
[2018.02.25-20.36.29:984][ 54]LogStaticLightingSystem: Illumination: 20.4 sec (257 ms encoding lightmaps, 76 ms encoding shadowmaps)
[2018.02.25-20.36.29:984][ 54]LogStaticLightingSystem: Lightmap texture memory:  5.3 MB (5.3 MB streaming, 0.0 MB non-streaming), 6 textures
[2018.02.25-20.36.29:984][ 54]LogStaticLightingSystem: Shadowmap texture memory: 0.3 MB (0.3 MB streaming, 0.0 MB non-streaming), 2 textures
[2018.02.25-20.36.31:151][ 54]DumpUnbuiltLightIteractions
[2018.02.25-20.36.31:151][ 54]Lights with unbuilt interactions: 0
[2018.02.25-20.36.31:151][ 54]
[2018.02.25-20.36.31:151][ 54]Primitives with unbuilt interactions: 0
[2018.02.25-20.36.31:203][ 55]Cmd: MAP CHECK NOTIFYRESULTS
[2018.02.25-20.36.31:204][ 55]MapCheck: New page: ThirdPersonExampleMap - 25 Feb 2018 20:36:31
[2018.02.25-20.36.31:222][ 55]MapCheck: Warning: SpinnnigWhitebox_2991 Large actor receives a pre-shadow and will cause an extreme performance hit unless bCastDynamicShadow is set to false. 
[2018.02.25-20.36.31:222][ 55]MapCheck: Warning: SpinnnigWhitebox_289 Large actor receives a pre-shadow and will cause an extreme performance hit unless bCastDynamicShadow is set to false. 
[2018.02.25-20.36.31:222][ 55]MapCheck: Warning: SpinnnigWhitebox_3 Large actor receives a pre-shadow and will cause an extreme performance hit unless bCastDynamicShadow is set to false. 
[2018.02.25-20.36.31:322][ 55]MapCheck: Map check complete: 0 Error(s), 3 Warning(s), took 118.937ms to complete.
[2018.02.25-20.36.31:359][ 55]LogEditorViewport: Clicking on Actor (context menu): DisappearingBlock_C (DisappearingBlock12)
[2018.02.25-20.37.22:428][432]LogSlate: Took 0.015632 seconds to synchronously load lazily loaded font '../../../Engine/Content/Editor/Slate/Fonts/Roboto-Italic.ttf' (157K)
[2018.02.25-20.39.23:936][283]LogRenderer: Reallocating scene render targets to support 1728x972 Format 10 NumSamples 1 (Frame:2684).
[2018.02.25-20.39.24:010][285]LogRenderer: Reallocating scene render targets to support 1732x972 Format 10 NumSamples 1 (Frame:2688).
[2018.02.25-20.39.24:052][286]LogRenderer: Reallocating scene render targets to support 1736x972 Format 10 NumSamples 1 (Frame:2690).
[2018.02.25-20.39.24:091][287]LogRenderer: Reallocating scene render targets to support 1740x972 Format 10 NumSamples 1 (Frame:2692).
[2018.02.25-20.39.24:131][288]LogRenderer: Reallocating scene render targets to support 1744x972 Format 10 NumSamples 1 (Frame:2694).
[2018.02.25-20.39.24:174][289]LogRenderer: Reallocating scene render targets to support 1748x972 Format 10 NumSamples 1 (Frame:2696).
[2018.02.25-20.39.24:214][290]LogRenderer: Reallocating scene render targets to support 1752x972 Format 10 NumSamples 1 (Frame:2698).
[2018.02.25-20.39.24:254][291]LogRenderer: Reallocating scene render targets to support 1760x972 Format 10 NumSamples 1 (Frame:2700).
[2018.02.25-20.39.24:294][292]LogRenderer: Reallocating scene render targets to support 1772x972 Format 10 NumSamples 1 (Frame:2702).
[2018.02.25-20.39.24:340][293]LogRenderer: Reallocating scene render targets to support 1780x972 Format 10 NumSamples 1 (Frame:2704).
[2018.02.25-20.39.24:387][294]LogRenderer: Reallocating scene render targets to support 1784x972 Format 10 NumSamples 1 (Frame:2706).
[2018.02.25-20.39.37:927][735]LogTemp: Repeating last play command: Selected Viewport
[2018.02.25-20.39.37:942][735]LogBlueprintUserMessages: Early PlayInEditor Detection: Level '/Game/ThirdPersonBP/Maps/ThirdPersonExampleMap.ThirdPersonExampleMap:PersistentLevel' has LevelScriptBlueprint '/Game/ThirdPersonBP/Maps/ThirdPersonExampleMap.ThirdPersonExampleMap:PersistentLevel.ThirdPersonExampleMap' with GeneratedClass '/Game/ThirdPersonBP/Maps/ThirdPersonExampleMap.ThirdPersonExampleMap_C' with ClassGeneratedBy '/Game/ThirdPersonBP/Maps/ThirdPersonExampleMap.ThirdPersonExampleMap:PersistentLevel.ThirdPersonExampleMap'
[2018.02.25-20.39.37:942][735]LogPlayLevel: PlayLevel: No blueprints needed recompiling
[2018.02.25-20.39.37:942][735]PIE: New page: PIE session: ThirdPersonExampleMap (25 Feb 2018 20:39:37)
[2018.02.25-20.39.37:942][735]LogPlayLevel: Creating play world package: /Game/ThirdPersonBP/Maps/UEDPIE_0_ThirdPersonExampleMap
[2018.02.25-20.39.37:971][735]LogPlayLevel: PIE: StaticDuplicateObject took: (0.028929s)
[2018.02.25-20.39.37:973][735]LogAIModule: Creating AISystem for world ThirdPersonExampleMap
[2018.02.25-20.39.37:973][735]LogPlayLevel: PIE: World Init took: (0.001739s)
[2018.02.25-20.39.37:973][735]LogPlayLevel: PIE: Created PIE world by copying editor world from /Game/ThirdPersonBP/Maps/ThirdPersonExampleMap.ThirdPersonExampleMap to /Game/ThirdPersonBP/Maps/UEDPIE_0_ThirdPersonExampleMap.ThirdPersonExampleMap (0.031277s)
[2018.02.25-20.39.38:054][735]LogInit: XAudio2 using 'Speakers (Realtek High Definition Audio)' : 2 channels at 48 kHz using 32 bits per sample (channel mask 0x3)
[2018.02.25-20.39.38:063][735]LogInit: FAudioDevice initialized.
[2018.02.25-20.39.38:095][735]LogLoad: Game class is 'ThirdPersonGameMode_C'
[2018.02.25-20.39.38:101][735]LogWorld: Bringing World /Game/ThirdPersonBP/Maps/UEDPIE_0_ThirdPersonExampleMap.ThirdPersonExampleMap up for play (max tick rate 0) at 2018.02.25-20.39.38
[2018.02.25-20.39.38:120][735]LogWorld: Bringing up level for play took: 0.024240
[2018.02.25-20.39.38:121][735]PIE: Play in editor start time for /Game/ThirdPersonBP/Maps/UEDPIE_0_ThirdPersonExampleMap 0.379
[2018.02.25-20.39.38:121][735]LogBlueprintUserMessages: Late PlayInEditor Detection: Level '/Game/ThirdPersonBP/Maps/ThirdPersonExampleMap.ThirdPersonExampleMap:PersistentLevel' has LevelScriptBlueprint '/Game/ThirdPersonBP/Maps/ThirdPersonExampleMap.ThirdPersonExampleMap:PersistentLevel.ThirdPersonExampleMap' with GeneratedClass '/Game/ThirdPersonBP/Maps/ThirdPersonExampleMap.ThirdPersonExampleMap_C' with ClassGeneratedBy '/Game/ThirdPersonBP/Maps/ThirdPersonExampleMap.ThirdPersonExampleMap:PersistentLevel.ThirdPersonExampleMap'
[2018.02.25-20.47.24:982][490]LogBlueprintUserMessages: Early EndPlayMap Detection: Level '/Game/ThirdPersonBP/Maps/ThirdPersonExampleMap.ThirdPersonExampleMap:PersistentLevel' has LevelScriptBlueprint '/Game/ThirdPersonBP/Maps/ThirdPersonExampleMap.ThirdPersonExampleMap:PersistentLevel.ThirdPersonExampleMap' with GeneratedClass '/Game/ThirdPersonBP/Maps/ThirdPersonExampleMap.ThirdPersonExampleMap_C' with ClassGeneratedBy '/Game/ThirdPersonBP/Maps/ThirdPersonExampleMap.ThirdPersonExampleMap:PersistentLevel.ThirdPersonExampleMap'
[2018.02.25-20.47.25:022][490]LogBlueprintUserMessages: Late EndPlayMap Detection: Level '/Game/ThirdPersonBP/Maps/ThirdPersonExampleMap.ThirdPersonExampleMap:PersistentLevel' has LevelScriptBlueprint '/Game/ThirdPersonBP/Maps/ThirdPersonExampleMap.ThirdPersonExampleMap:PersistentLevel.ThirdPersonExampleMap' with GeneratedClass '/Game/ThirdPersonBP/Maps/ThirdPersonExampleMap.ThirdPersonExampleMap_C' with ClassGeneratedBy '/Game/ThirdPersonBP/Maps/ThirdPersonExampleMap.ThirdPersonExampleMap:PersistentLevel.ThirdPersonExampleMap'
[2018.02.25-20.47.33:703][353]LogEditorViewport: Clicking on Actor (context menu): StaticMeshActor (PillarRiser24)
[2018.02.25-20.47.56:183][723]LogContentBrowser: Native class hierarchy updated for 'BlueprintGraph' in 0.0009 seconds. Added 113 classes and 0 folders.
[2018.02.25-20.47.57:467][723]LogSlate: Took 0.019124 seconds to synchronously load lazily loaded font '../../../Engine/Content/Editor/Slate/Fonts/Roboto-BoldCondensed.ttf' (158K)
[2018.02.25-20.48.24:300][743]LogEditorViewport: Clicking on Actor (LMB): BP_Sky_Sphere_C (BP_Sky_Sphere)
[2018.02.25-20.48.25:044][800]LogEditorViewport: Clicking on Actor (LMB): StaticMeshActor (Whiteblock24)
[2018.02.25-20.48.25:722][853]LogEditorViewport: Clicking on Actor (LMB): TriggerBox (TriggerBox3)
[2018.02.25-20.48.43:553][432]BlueprintLog: New page: Compile ThirdPersonExampleMap
[2018.02.25-20.48.46:103][633]BlueprintLog: New page: Compile ThirdPersonExampleMap
[2018.02.25-20.48.50:380][ 22]LogSavePackage: Save=347.70ms
[2018.02.25-20.48.50:380][ 22]LogSavePackage: Moving '../../../../../../Users/Zachari/Downloads/Dissertation Work/DissertationProject/Saved/ThirdPersonExampleMap4FFD4C564E9D959138D9A7B0D43B591B.tmp' to '../../../../../../Users/Zachari/Downloads/Dissertation Work/DissertationProject/Content/ThirdPersonBP/Maps/ThirdPersonExampleMap.umap'
[2018.02.25-20.48.50:461][ 22]LogSavePackage: Display: Finished SavePackage ../../../../../../Users/Zachari/Downloads/Dissertation Work/DissertationProject/Content/ThirdPersonBP/Maps/ThirdPersonExampleMap.umap
[2018.02.25-20.48.50:612][ 22]LogSavePackage: Save=76.57ms
[2018.02.25-20.48.50:612][ 22]LogSavePackage: Moving '../../../../../../Users/Zachari/Downloads/Dissertation Work/DissertationProject/Saved/ThirdPersonExampleMap_BuiltData73025A614FC346B32135D4B2F8493B9F.tmp' to '../../../../../../Users/Zachari/Downloads/Dissertation Work/DissertationProject/Content/ThirdPersonBP/Maps/ThirdPersonExampleMap_BuiltData.uasset'
[2018.02.25-20.48.50:656][ 22]LogSavePackage: Display: Finished SavePackage ../../../../../../Users/Zachari/Downloads/Dissertation Work/DissertationProject/Content/ThirdPersonBP/Maps/ThirdPersonExampleMap_BuiltData.uasset
[2018.02.25-20.49.06:625][843]LogTemp: Repeating last play command: Selected Viewport
[2018.02.25-20.49.06:644][843]LogBlueprintUserMessages: Early PlayInEditor Detection: Level '/Game/ThirdPersonBP/Maps/ThirdPersonExampleMap.ThirdPersonExampleMap:PersistentLevel' has LevelScriptBlueprint '/Game/ThirdPersonBP/Maps/ThirdPersonExampleMap.ThirdPersonExampleMap:PersistentLevel.ThirdPersonExampleMap' with GeneratedClass '/Game/ThirdPersonBP/Maps/ThirdPersonExampleMap.ThirdPersonExampleMap_C' with ClassGeneratedBy '/Game/ThirdPersonBP/Maps/ThirdPersonExampleMap.ThirdPersonExampleMap:PersistentLevel.ThirdPersonExampleMap'
[2018.02.25-20.49.06:644][843]LogPlayLevel: PlayLevel: No blueprints needed recompiling
[2018.02.25-20.49.06:644][843]PIE: New page: PIE session: ThirdPersonExampleMap (25 Feb 2018 20:49:06)
[2018.02.25-20.49.06:644][843]LogPlayLevel: Creating play world package: /Game/ThirdPersonBP/Maps/UEDPIE_0_ThirdPersonExampleMap
[2018.02.25-20.49.06:716][843]LogPlayLevel: PIE: StaticDuplicateObject took: (0.071506s)
[2018.02.25-20.49.06:717][843]LogAIModule: Creating AISystem for world ThirdPersonExampleMap
[2018.02.25-20.49.06:717][843]LogPlayLevel: PIE: World Init took: (0.000817s)
[2018.02.25-20.49.06:717][843]LogPlayLevel: PIE: Created PIE world by copying editor world from /Game/ThirdPersonBP/Maps/ThirdPersonExampleMap.ThirdPersonExampleMap to /Game/ThirdPersonBP/Maps/UEDPIE_0_ThirdPersonExampleMap.ThirdPersonExampleMap (0.072667s)
[2018.02.25-20.49.06:737][843]LogInit: XAudio2 using 'Speakers (Realtek High Definition Audio)' : 2 channels at 48 kHz using 32 bits per sample (channel mask 0x3)
[2018.02.25-20.49.06:750][843]LogInit: FAudioDevice initialized.
[2018.02.25-20.49.06:805][843]LogLoad: Game class is 'ThirdPersonGameMode_C'
[2018.02.25-20.49.06:811][843]LogWorld: Bringing World /Game/ThirdPersonBP/Maps/UEDPIE_0_ThirdPersonExampleMap.ThirdPersonExampleMap up for play (max tick rate 0) at 2018.02.25-20.49.06
[2018.02.25-20.49.06:812][843]LogWorld: Bringing up level for play took: 0.005969
[2018.02.25-20.49.06:813][843]PIE: Play in editor start time for /Game/ThirdPersonBP/Maps/UEDPIE_0_ThirdPersonExampleMap 1.07
[2018.02.25-20.49.06:813][843]LogBlueprintUserMessages: Late PlayInEditor Detection: Level '/Game/ThirdPersonBP/Maps/ThirdPersonExampleMap.ThirdPersonExampleMap:PersistentLevel' has LevelScriptBlueprint '/Game/ThirdPersonBP/Maps/ThirdPersonExampleMap.ThirdPersonExampleMap:PersistentLevel.ThirdPersonExampleMap' with GeneratedClass '/Game/ThirdPersonBP/Maps/ThirdPersonExampleMap.ThirdPersonExampleMap_C' with ClassGeneratedBy '/Game/ThirdPersonBP/Maps/ThirdPersonExampleMap.ThirdPersonExampleMap:PersistentLevel.ThirdPersonExampleMap'
[2018.02.25-20.57.54:010][817]LogBlueprintUserMessages: Early EndPlayMap Detection: Level '/Game/ThirdPersonBP/Maps/ThirdPersonExampleMap.ThirdPersonExampleMap:PersistentLevel' has LevelScriptBlueprint '/Game/ThirdPersonBP/Maps/ThirdPersonExampleMap.ThirdPersonExampleMap:PersistentLevel.ThirdPersonExampleMap' with GeneratedClass '/Game/ThirdPersonBP/Maps/ThirdPersonExampleMap.ThirdPersonExampleMap_C' with ClassGeneratedBy '/Game/ThirdPersonBP/Maps/ThirdPersonExampleMap.ThirdPersonExampleMap:PersistentLevel.ThirdPersonExampleMap'
[2018.02.25-20.57.54:057][817]LogBlueprintUserMessages: Late EndPlayMap Detection: Level '/Game/ThirdPersonBP/Maps/ThirdPersonExampleMap.ThirdPersonExampleMap:PersistentLevel' has LevelScriptBlueprint '/Game/ThirdPersonBP/Maps/ThirdPersonExampleMap.ThirdPersonExampleMap:PersistentLevel.ThirdPersonExampleMap' with GeneratedClass '/Game/ThirdPersonBP/Maps/ThirdPersonExampleMap.ThirdPersonExampleMap_C' with ClassGeneratedBy '/Game/ThirdPersonBP/Maps/ThirdPersonExampleMap.ThirdPersonExampleMap:PersistentLevel.ThirdPersonExampleMap'
[2018.02.25-21.01.24:984][ 85]LogTemp: Repeating last play command: Selected Viewport
[2018.02.25-21.01.24:997][ 85]LogBlueprintUserMessages: Early PlayInEditor Detection: Level '/Game/ThirdPersonBP/Maps/ThirdPersonExampleMap.ThirdPersonExampleMap:PersistentLevel' has LevelScriptBlueprint '/Game/ThirdPersonBP/Maps/ThirdPersonExampleMap.ThirdPersonExampleMap:PersistentLevel.ThirdPersonExampleMap' with GeneratedClass '/Game/ThirdPersonBP/Maps/ThirdPersonExampleMap.ThirdPersonExampleMap_C' with ClassGeneratedBy '/Game/ThirdPersonBP/Maps/ThirdPersonExampleMap.ThirdPersonExampleMap:PersistentLevel.ThirdPersonExampleMap'
[2018.02.25-21.01.24:998][ 85]LogPlayLevel: PlayLevel: No blueprints needed recompiling
[2018.02.25-21.01.24:998][ 85]PIE: New page: PIE session: ThirdPersonExampleMap (25 Feb 2018 21:01:24)
[2018.02.25-21.01.24:998][ 85]LogPlayLevel: Creating play world package: /Game/ThirdPersonBP/Maps/UEDPIE_0_ThirdPersonExampleMap
[2018.02.25-21.01.25:026][ 85]LogPlayLevel: PIE: StaticDuplicateObject took: (0.027975s)
[2018.02.25-21.01.25:027][ 85]LogAIModule: Creating AISystem for world ThirdPersonExampleMap
[2018.02.25-21.01.25:027][ 85]LogPlayLevel: PIE: World Init took: (0.001288s)
[2018.02.25-21.01.25:028][ 85]LogPlayLevel: PIE: Created PIE world by copying editor world from /Game/ThirdPersonBP/Maps/ThirdPersonExampleMap.ThirdPersonExampleMap to /Game/ThirdPersonBP/Maps/UEDPIE_0_ThirdPersonExampleMap.ThirdPersonExampleMap (0.029832s)
[2018.02.25-21.01.25:050][ 85]LogInit: XAudio2 using 'Speakers (Realtek High Definition Audio)' : 2 channels at 48 kHz using 32 bits per sample (channel mask 0x3)
[2018.02.25-21.01.25:062][ 85]LogInit: FAudioDevice initialized.
[2018.02.25-21.01.25:106][ 85]LogLoad: Game class is 'ThirdPersonGameMode_C'
[2018.02.25-21.01.25:112][ 85]LogWorld: Bringing World /Game/ThirdPersonBP/Maps/UEDPIE_0_ThirdPersonExampleMap.ThirdPersonExampleMap up for play (max tick rate 0) at 2018.02.25-21.01.25
[2018.02.25-21.01.25:113][ 85]LogWorld: Bringing up level for play took: 0.006016
[2018.02.25-21.01.25:114][ 85]PIE: Play in editor start time for /Game/ThirdPersonBP/Maps/UEDPIE_0_ThirdPersonExampleMap -0.629
[2018.02.25-21.01.25:114][ 85]LogBlueprintUserMessages: Late PlayInEditor Detection: Level '/Game/ThirdPersonBP/Maps/ThirdPersonExampleMap.ThirdPersonExampleMap:PersistentLevel' has LevelScriptBlueprint '/Game/ThirdPersonBP/Maps/ThirdPersonExampleMap.ThirdPersonExampleMap:PersistentLevel.ThirdPersonExampleMap' with GeneratedClass '/Game/ThirdPersonBP/Maps/ThirdPersonExampleMap.ThirdPersonExampleMap_C' with ClassGeneratedBy '/Game/ThirdPersonBP/Maps/ThirdPersonExampleMap.ThirdPersonExampleMap:PersistentLevel.ThirdPersonExampleMap'
[2018.02.25-21.02.18:848][337]LogBlueprintUserMessages: Early EndPlayMap Detection: Level '/Game/ThirdPersonBP/Maps/ThirdPersonExampleMap.ThirdPersonExampleMap:PersistentLevel' has LevelScriptBlueprint '/Game/ThirdPersonBP/Maps/ThirdPersonExampleMap.ThirdPersonExampleMap:PersistentLevel.ThirdPersonExampleMap' with GeneratedClass '/Game/ThirdPersonBP/Maps/ThirdPersonExampleMap.ThirdPersonExampleMap_C' with ClassGeneratedBy '/Game/ThirdPersonBP/Maps/ThirdPersonExampleMap.ThirdPersonExampleMap:PersistentLevel.ThirdPersonExampleMap'
[2018.02.25-21.02.18:895][337]LogBlueprintUserMessages: Late EndPlayMap Detection: Level '/Game/ThirdPersonBP/Maps/ThirdPersonExampleMap.ThirdPersonExampleMap:PersistentLevel' has LevelScriptBlueprint '/Game/ThirdPersonBP/Maps/ThirdPersonExampleMap.ThirdPersonExampleMap:PersistentLevel.ThirdPersonExampleMap' with GeneratedClass '/Game/ThirdPersonBP/Maps/ThirdPersonExampleMap.ThirdPersonExampleMap_C' with ClassGeneratedBy '/Game/ThirdPersonBP/Maps/ThirdPersonExampleMap.ThirdPersonExampleMap:PersistentLevel.ThirdPersonExampleMap'
[2018.02.25-21.02.19:046][344]Cmd: SELECT NONE
[2018.02.25-21.02.24:344][937]LogTemp: Repeating last play command: Selected Viewport
[2018.02.25-21.02.24:359][937]LogBlueprintUserMessages: Early PlayInEditor Detection: Level '/Game/ThirdPersonBP/Maps/ThirdPersonExampleMap.ThirdPersonExampleMap:PersistentLevel' has LevelScriptBlueprint '/Game/ThirdPersonBP/Maps/ThirdPersonExampleMap.ThirdPersonExampleMap:PersistentLevel.ThirdPersonExampleMap' with GeneratedClass '/Game/ThirdPersonBP/Maps/ThirdPersonExampleMap.ThirdPersonExampleMap_C' with ClassGeneratedBy '/Game/ThirdPersonBP/Maps/ThirdPersonExampleMap.ThirdPersonExampleMap:PersistentLevel.ThirdPersonExampleMap'
[2018.02.25-21.02.24:359][937]LogPlayLevel: PlayLevel: No blueprints needed recompiling
[2018.02.25-21.02.24:359][937]PIE: New page: PIE session: ThirdPersonExampleMap (25 Feb 2018 21:02:24)
[2018.02.25-21.02.24:359][937]LogPlayLevel: Creating play world package: /Game/ThirdPersonBP/Maps/UEDPIE_0_ThirdPersonExampleMap
[2018.02.25-21.02.24:388][937]LogPlayLevel: PIE: StaticDuplicateObject took: (0.029042s)
[2018.02.25-21.02.24:389][937]LogAIModule: Creating AISystem for world ThirdPersonExampleMap
[2018.02.25-21.02.24:389][937]LogPlayLevel: PIE: World Init took: (0.000929s)
[2018.02.25-21.02.24:390][937]LogPlayLevel: PIE: Created PIE world by copying editor world from /Game/ThirdPersonBP/Maps/ThirdPersonExampleMap.ThirdPersonExampleMap to /Game/ThirdPersonBP/Maps/UEDPIE_0_ThirdPersonExampleMap.ThirdPersonExampleMap (0.030414s)
[2018.02.25-21.02.24:409][937]LogInit: XAudio2 using 'Speakers (Realtek High Definition Audio)' : 2 channels at 48 kHz using 32 bits per sample (channel mask 0x3)
[2018.02.25-21.02.24:421][937]LogInit: FAudioDevice initialized.
[2018.02.25-21.02.24:454][937]LogLoad: Game class is 'ThirdPersonGameMode_C'
[2018.02.25-21.02.24:460][937]LogWorld: Bringing World /Game/ThirdPersonBP/Maps/UEDPIE_0_ThirdPersonExampleMap.ThirdPersonExampleMap up for play (max tick rate 0) at 2018.02.25-21.02.24
[2018.02.25-21.02.24:461][937]LogWorld: Bringing up level for play took: 0.005816
[2018.02.25-21.02.24:462][937]PIE: Play in editor start time for /Game/ThirdPersonBP/Maps/UEDPIE_0_ThirdPersonExampleMap 0.719
[2018.02.25-21.02.24:462][937]LogBlueprintUserMessages: Late PlayInEditor Detection: Level '/Game/ThirdPersonBP/Maps/ThirdPersonExampleMap.ThirdPersonExampleMap:PersistentLevel' has LevelScriptBlueprint '/Game/ThirdPersonBP/Maps/ThirdPersonExampleMap.ThirdPersonExampleMap:PersistentLevel.ThirdPersonExampleMap' with GeneratedClass '/Game/ThirdPersonBP/Maps/ThirdPersonExampleMap.ThirdPersonExampleMap_C' with ClassGeneratedBy '/Game/ThirdPersonBP/Maps/ThirdPersonExampleMap.ThirdPersonExampleMap:PersistentLevel.ThirdPersonExampleMap'
[2018.02.25-21.17.24:674][750]LogBlueprintUserMessages: Early EndPlayMap Detection: Level '/Game/ThirdPersonBP/Maps/ThirdPersonExampleMap.ThirdPersonExampleMap:PersistentLevel' has LevelScriptBlueprint '/Game/ThirdPersonBP/Maps/ThirdPersonExampleMap.ThirdPersonExampleMap:PersistentLevel.ThirdPersonExampleMap' with GeneratedClass '/Game/ThirdPersonBP/Maps/ThirdPersonExampleMap.ThirdPersonExampleMap_C' with ClassGeneratedBy '/Game/ThirdPersonBP/Maps/ThirdPersonExampleMap.ThirdPersonExampleMap:PersistentLevel.ThirdPersonExampleMap'
[2018.02.25-21.17.24:709][750]LogBlueprintUserMessages: Late EndPlayMap Detection: Level '/Game/ThirdPersonBP/Maps/ThirdPersonExampleMap.ThirdPersonExampleMap:PersistentLevel' has LevelScriptBlueprint '/Game/ThirdPersonBP/Maps/ThirdPersonExampleMap.ThirdPersonExampleMap:PersistentLevel.ThirdPersonExampleMap' with GeneratedClass '/Game/ThirdPersonBP/Maps/ThirdPersonExampleMap.ThirdPersonExampleMap_C' with ClassGeneratedBy '/Game/ThirdPersonBP/Maps/ThirdPersonExampleMap.ThirdPersonExampleMap:PersistentLevel.ThirdPersonExampleMap'
[2018.02.25-21.17.57:214][250]LogTemp: Repeating last play command: Selected Viewport
[2018.02.25-21.17.57:229][250]LogBlueprintUserMessages: Early PlayInEditor Detection: Level '/Game/ThirdPersonBP/Maps/ThirdPersonExampleMap.ThirdPersonExampleMap:PersistentLevel' has LevelScriptBlueprint '/Game/ThirdPersonBP/Maps/ThirdPersonExampleMap.ThirdPersonExampleMap:PersistentLevel.ThirdPersonExampleMap' with GeneratedClass '/Game/ThirdPersonBP/Maps/ThirdPersonExampleMap.ThirdPersonExampleMap_C' with ClassGeneratedBy '/Game/ThirdPersonBP/Maps/ThirdPersonExampleMap.ThirdPersonExampleMap:PersistentLevel.ThirdPersonExampleMap'
[2018.02.25-21.17.57:229][250]LogPlayLevel: PlayLevel: No blueprints needed recompiling
[2018.02.25-21.17.57:229][250]PIE: New page: PIE session: ThirdPersonExampleMap (25 Feb 2018 21:17:57)
[2018.02.25-21.17.57:229][250]LogPlayLevel: Creating play world package: /Game/ThirdPersonBP/Maps/UEDPIE_0_ThirdPersonExampleMap
[2018.02.25-21.17.57:255][250]LogPlayLevel: PIE: StaticDuplicateObject took: (0.026195s)
[2018.02.25-21.17.57:256][250]LogAIModule: Creating AISystem for world ThirdPersonExampleMap
[2018.02.25-21.17.57:257][250]LogPlayLevel: PIE: World Init took: (0.001540s)
[2018.02.25-21.17.57:257][250]LogPlayLevel: PIE: Created PIE world by copying editor world from /Game/ThirdPersonBP/Maps/ThirdPersonExampleMap.ThirdPersonExampleMap to /Game/ThirdPersonBP/Maps/UEDPIE_0_ThirdPersonExampleMap.ThirdPersonExampleMap (0.028400s)
[2018.02.25-21.17.57:278][250]LogInit: XAudio2 using 'Speakers (Realtek High Definition Audio)' : 2 channels at 48 kHz using 32 bits per sample (channel mask 0x3)
[2018.02.25-21.17.57:289][250]LogInit: FAudioDevice initialized.
[2018.02.25-21.17.57:321][250]LogLoad: Game class is 'ThirdPersonGameMode_C'
[2018.02.25-21.17.57:326][250]LogWorld: Bringing World /Game/ThirdPersonBP/Maps/UEDPIE_0_ThirdPersonExampleMap.ThirdPersonExampleMap up for play (max tick rate 0) at 2018.02.25-21.17.57
[2018.02.25-21.17.57:327][250]LogWorld: Bringing up level for play took: 0.005484
[2018.02.25-21.17.57:328][250]PIE: Play in editor start time for /Game/ThirdPersonBP/Maps/UEDPIE_0_ThirdPersonExampleMap -0.414
[2018.02.25-21.17.57:329][250]LogBlueprintUserMessages: Late PlayInEditor Detection: Level '/Game/ThirdPersonBP/Maps/ThirdPersonExampleMap.ThirdPersonExampleMap:PersistentLevel' has LevelScriptBlueprint '/Game/ThirdPersonBP/Maps/ThirdPersonExampleMap.ThirdPersonExampleMap:PersistentLevel.ThirdPersonExampleMap' with GeneratedClass '/Game/ThirdPersonBP/Maps/ThirdPersonExampleMap.ThirdPersonExampleMap_C' with ClassGeneratedBy '/Game/ThirdPersonBP/Maps/ThirdPersonExampleMap.ThirdPersonExampleMap:PersistentLevel.ThirdPersonExampleMap'
[2018.02.25-21.19.40:958][676]LogBlueprintUserMessages: Early EndPlayMap Detection: Level '/Game/ThirdPersonBP/Maps/ThirdPersonExampleMap.ThirdPersonExampleMap:PersistentLevel' has LevelScriptBlueprint '/Game/ThirdPersonBP/Maps/ThirdPersonExampleMap.ThirdPersonExampleMap:PersistentLevel.ThirdPersonExampleMap' with GeneratedClass '/Game/ThirdPersonBP/Maps/ThirdPersonExampleMap.ThirdPersonExampleMap_C' with ClassGeneratedBy '/Game/ThirdPersonBP/Maps/ThirdPersonExampleMap.ThirdPersonExampleMap:PersistentLevel.ThirdPersonExampleMap'
[2018.02.25-21.19.40:996][676]LogBlueprintUserMessages: Late EndPlayMap Detection: Level '/Game/ThirdPersonBP/Maps/ThirdPersonExampleMap.ThirdPersonExampleMap:PersistentLevel' has LevelScriptBlueprint '/Game/ThirdPersonBP/Maps/ThirdPersonExampleMap.ThirdPersonExampleMap:PersistentLevel.ThirdPersonExampleMap' with GeneratedClass '/Game/ThirdPersonBP/Maps/ThirdPersonExampleMap.ThirdPersonExampleMap_C' with ClassGeneratedBy '/Game/ThirdPersonBP/Maps/ThirdPersonExampleMap.ThirdPersonExampleMap:PersistentLevel.ThirdPersonExampleMap'
[2018.02.25-21.19.58:457][724]LogSavePackage: Save=269.25ms
[2018.02.25-21.19.58:457][724]LogSavePackage: Moving '../../../../../../Users/Zachari/Downloads/Dissertation Work/DissertationProject/Saved/ThirdPersonExampleMapA0996FFB474B540F1AF3B586A8418EA3.tmp' to '../../../../../../Users/Zachari/Downloads/Dissertation Work/DissertationProject/Content/ThirdPersonBP/Maps/ThirdPersonExampleMap.umap'
[2018.02.25-21.19.58:459][724]LogSavePackage: Display: Finished SavePackage ../../../../../../Users/Zachari/Downloads/Dissertation Work/DissertationProject/Content/ThirdPersonBP/Maps/ThirdPersonExampleMap.umap
[2018.02.25-21.19.58:575][724]LogSavePackage: Save=77.64ms
[2018.02.25-21.19.58:575][724]LogSavePackage: Moving '../../../../../../Users/Zachari/Downloads/Dissertation Work/DissertationProject/Saved/ThirdPersonExampleMap_BuiltData62F0834F4C4F92BF1BE1E892C2B3090F.tmp' to '../../../../../../Users/Zachari/Downloads/Dissertation Work/DissertationProject/Content/ThirdPersonBP/Maps/ThirdPersonExampleMap_BuiltData.uasset'
[2018.02.25-21.19.58:577][724]LogSavePackage: Display: Finished SavePackage ../../../../../../Users/Zachari/Downloads/Dissertation Work/DissertationProject/Content/ThirdPersonBP/Maps/ThirdPersonExampleMap_BuiltData.uasset
[2018.02.25-21.31.14:201][458]LogAudio: Warning: Current Audio Device with ID {0.0.0.00000000}.{b914a3e7-a7c9-4d0d-a651-c7f8c62d8204} was removed. Shutting down audio device.
